12:49:41.060 [background-preinit] INFO  - HV000001: Hibernate Validator 8.0.0.Final
12:49:41.174 [main] INFO  - Starting Application using Java 19.0.2 with PID 9334 (/Users/admin/Desktop/project/spring-hotel/build/classes/java/main started by admin in /Users/admin/Desktop/project/spring-hotel)
12:49:41.178 [main] INFO  - No active profile set, falling back to 1 default profile: "default"
12:49:47.547 [main] INFO  - Bootstrapping Spring Data Reactive Cassandra repositories in DEFAULT mode.
12:49:47.697 [main] INFO  - Finished Spring Data repository scanning in 124 ms. Found 0 Reactive Cassandra repository interfaces.
12:49:47.706 [main] INFO  - Bootstrapping Spring Data Cassandra repositories in DEFAULT mode.
12:49:47.790 [main] INFO  - Finished Spring Data repository scanning in 83 ms. Found 2 Cassandra repository interfaces.
12:49:50.300 [main] INFO  - Tomcat initialized with port(s): 8080 (http)
12:49:50.333 [main] INFO  - Initializing ProtocolHandler ["http-nio-8080"]
12:49:50.342 [main] INFO  - Starting service [Tomcat]
12:49:50.343 [main] INFO  - Starting Servlet engine: [Apache Tomcat/10.1.10]
12:49:50.585 [main] INFO  - Initializing Spring embedded WebApplicationContext
12:49:50.589 [main] INFO  - Root WebApplicationContext: initialization completed in 9216 ms
12:49:52.686 [main] INFO  - DataStax Java driver for Apache Cassandra(R) (com.datastax.oss:java-driver-core) version 4.15.0
12:49:54.500 [s0-admin-0] INFO  - Using native clock for microsecond precision
12:49:55.499 [s0-io-2] WARN  - [] /127.0.0.1:9042 did not send an authentication challenge; This is suspicious because the driver expects authentication
12:49:56.062 [s0-io-3] WARN  - [] /127.0.0.1:9042 did not send an authentication challenge; This is suspicious because the driver expects authentication
12:49:57.763 [main] WARN  - 

Using generated security password: 3093026a-4447-4bea-b0fe-f4f9867685e5

This generated password is for development use only. Your security configuration must be updated before running your application in production.

12:49:58.173 [main] INFO  - Will secure any request with [org.springframework.security.web.session.DisableEncodeUrlFilter@3291d9c2, org.springframework.security.web.context.request.async.WebAsyncManagerIntegrationFilter@6cfd08e9, org.springframework.security.web.context.SecurityContextHolderFilter@74619273, org.springframework.security.web.header.HeaderWriterFilter@1b5af65b, org.springframework.web.filter.CorsFilter@54ca9420, org.springframework.security.web.authentication.logout.LogoutFilter@5c5f12e, org.springframework.security.web.savedrequest.RequestCacheAwareFilter@1d7f7962, org.springframework.security.web.servletapi.SecurityContextHolderAwareRequestFilter@3e8afc2d, org.springframework.security.web.authentication.AnonymousAuthenticationFilter@4ea48b2e, org.springframework.security.web.access.ExceptionTranslationFilter@69d58731, org.springframework.security.web.access.intercept.AuthorizationFilter@540212be]
12:49:59.170 [main] WARN  - Endpoint ID 'swagger-ui' contains invalid characters, please migrate to a valid format.
12:49:59.735 [main] INFO  - Starting ProtocolHandler ["http-nio-8080"]
12:49:59.772 [main] INFO  - Tomcat started on port(s): 8080 (http) with context path ''
12:49:59.939 [main] INFO  - Tomcat initialized with port(s): 9090 (http)
12:49:59.940 [main] INFO  - Initializing ProtocolHandler ["http-nio-9090"]
12:49:59.940 [main] INFO  - Starting service [Tomcat]
12:49:59.941 [main] INFO  - Starting Servlet engine: [Apache Tomcat/10.1.10]
12:49:59.966 [main] INFO  - Initializing Spring embedded WebApplicationContext
12:49:59.966 [main] INFO  - Root WebApplicationContext: initialization completed in 188 ms
12:49:59.988 [main] INFO  - Exposing 3 endpoint(s) beneath base path '/actuator'
12:50:00.042 [main] INFO  - Starting ProtocolHandler ["http-nio-9090"]
12:50:00.045 [main] INFO  - Tomcat started on port(s): 9090 (http) with context path ''
12:50:00.067 [main] INFO  - Started Application in 21.313 seconds (process running for 24.644)
12:50:41.414 [http-nio-8080-exec-2] INFO  - Initializing Spring DispatcherServlet 'dispatcherServlet'
12:50:41.416 [http-nio-8080-exec-2] INFO  - Initializing Servlet 'dispatcherServlet'
12:50:41.424 [http-nio-8080-exec-2] INFO  - Completed initialization in 8 ms
12:51:48.750 [http-nio-8080-exec-4] ERROR - Required request body is missing: public org.springframework.http.ResponseEntity<java.util.List<ru.hotel.dto.RoomDto>> ru.hotel.controller.AdminController.getBooked(ru.hotel.dto.RoomDto)
12:53:50.158 [background-preinit] INFO  - HV000001: Hibernate Validator 8.0.0.Final
12:53:50.496 [main] INFO  - Starting Application using Java 19.0.2 with PID 9351 (/Users/admin/Desktop/project/spring-hotel/build/classes/java/main started by admin in /Users/admin/Desktop/project/spring-hotel)
12:53:50.499 [main] INFO  - No active profile set, falling back to 1 default profile: "default"
12:53:53.815 [main] INFO  - Bootstrapping Spring Data Reactive Cassandra repositories in DEFAULT mode.
12:53:53.920 [main] INFO  - Finished Spring Data repository scanning in 88 ms. Found 0 Reactive Cassandra repository interfaces.
12:53:53.926 [main] INFO  - Bootstrapping Spring Data Cassandra repositories in DEFAULT mode.
12:53:53.970 [main] INFO  - Finished Spring Data repository scanning in 43 ms. Found 2 Cassandra repository interfaces.
12:53:55.117 [main] INFO  - Tomcat initialized with port(s): 8080 (http)
12:53:55.150 [main] INFO  - Initializing ProtocolHandler ["http-nio-8080"]
12:53:55.152 [main] INFO  - Starting service [Tomcat]
12:53:55.153 [main] INFO  - Starting Servlet engine: [Apache Tomcat/10.1.10]
12:53:55.491 [main] INFO  - Initializing Spring embedded WebApplicationContext
12:53:55.494 [main] INFO  - Root WebApplicationContext: initialization completed in 4858 ms
12:53:57.182 [main] INFO  - DataStax Java driver for Apache Cassandra(R) (com.datastax.oss:java-driver-core) version 4.15.0
12:53:58.673 [s0-admin-0] INFO  - Using native clock for microsecond precision
12:53:59.370 [s0-io-2] WARN  - [] /127.0.0.1:9042 did not send an authentication challenge; This is suspicious because the driver expects authentication
12:53:59.928 [s0-io-3] WARN  - [] /127.0.0.1:9042 did not send an authentication challenge; This is suspicious because the driver expects authentication
12:54:01.907 [main] WARN  - 

Using generated security password: 0afaee48-a89b-4d4c-8955-b9a49d2f7648

This generated password is for development use only. Your security configuration must be updated before running your application in production.

12:54:02.243 [main] INFO  - Will secure any request with [org.springframework.security.web.session.DisableEncodeUrlFilter@40a7974, org.springframework.security.web.context.request.async.WebAsyncManagerIntegrationFilter@8d5da7e, org.springframework.security.web.context.SecurityContextHolderFilter@77476fcf, org.springframework.security.web.header.HeaderWriterFilter@614cd187, org.springframework.web.filter.CorsFilter@65a4b9d6, org.springframework.security.web.authentication.logout.LogoutFilter@476c137b, org.springframework.security.web.savedrequest.RequestCacheAwareFilter@e7d0db2, org.springframework.security.web.servletapi.SecurityContextHolderAwareRequestFilter@12723c5d, org.springframework.security.web.authentication.AnonymousAuthenticationFilter@16ef1160, org.springframework.security.web.access.ExceptionTranslationFilter@115ef673, org.springframework.security.web.access.intercept.AuthorizationFilter@3e998033]
12:54:03.593 [main] WARN  - Endpoint ID 'swagger-ui' contains invalid characters, please migrate to a valid format.
12:54:04.201 [main] INFO  - Starting ProtocolHandler ["http-nio-8080"]
12:54:04.225 [main] INFO  - Tomcat started on port(s): 8080 (http) with context path ''
12:54:04.366 [main] INFO  - Tomcat initialized with port(s): 9090 (http)
12:54:04.367 [main] INFO  - Initializing ProtocolHandler ["http-nio-9090"]
12:54:04.367 [main] INFO  - Starting service [Tomcat]
12:54:04.367 [main] INFO  - Starting Servlet engine: [Apache Tomcat/10.1.10]
12:54:04.396 [main] INFO  - Initializing Spring embedded WebApplicationContext
12:54:04.396 [main] INFO  - Root WebApplicationContext: initialization completed in 161 ms
12:54:04.438 [main] INFO  - Exposing 3 endpoint(s) beneath base path '/actuator'
12:54:04.670 [main] INFO  - Starting ProtocolHandler ["http-nio-9090"]
12:54:04.676 [main] INFO  - Tomcat started on port(s): 9090 (http) with context path ''
12:54:04.717 [main] INFO  - Started Application in 15.72 seconds (process running for 19.546)
12:54:55.484 [http-nio-8080-exec-1] INFO  - Initializing Spring DispatcherServlet 'dispatcherServlet'
12:54:55.489 [http-nio-8080-exec-1] INFO  - Initializing Servlet 'dispatcherServlet'
12:54:55.493 [http-nio-8080-exec-1] INFO  - Completed initialization in 4 ms
12:54:55.808 [http-nio-8080-exec-1] ERROR - JSON parse error: Cannot deserialize value of type `java.time.LocalDate` from Object value (token `JsonToken.START_OBJECT`)
13:00:00.134 [http-nio-8080-exec-3] ERROR - JSON parse error: Cannot deserialize value of type `java.time.LocalDate` from Object value (token `JsonToken.START_OBJECT`)
13:02:33.033 [background-preinit] INFO  - HV000001: Hibernate Validator 8.0.0.Final
13:02:33.451 [main] INFO  - Starting Application using Java 19.0.2 with PID 9380 (/Users/admin/Desktop/project/spring-hotel/build/classes/java/main started by admin in /Users/admin/Desktop/project/spring-hotel)
13:02:33.481 [main] INFO  - No active profile set, falling back to 1 default profile: "default"
13:02:36.279 [main] INFO  - Bootstrapping Spring Data Reactive Cassandra repositories in DEFAULT mode.
13:02:36.403 [main] INFO  - Finished Spring Data repository scanning in 108 ms. Found 0 Reactive Cassandra repository interfaces.
13:02:36.410 [main] INFO  - Bootstrapping Spring Data Cassandra repositories in DEFAULT mode.
13:02:36.450 [main] INFO  - Finished Spring Data repository scanning in 39 ms. Found 2 Cassandra repository interfaces.
13:02:37.701 [main] INFO  - Tomcat initialized with port(s): 8080 (http)
13:02:37.728 [main] INFO  - Initializing ProtocolHandler ["http-nio-8080"]
13:02:37.731 [main] INFO  - Starting service [Tomcat]
13:02:37.732 [main] INFO  - Starting Servlet engine: [Apache Tomcat/10.1.10]
13:02:37.927 [main] INFO  - Initializing Spring embedded WebApplicationContext
13:02:37.931 [main] INFO  - Root WebApplicationContext: initialization completed in 4236 ms
13:02:39.345 [main] INFO  - DataStax Java driver for Apache Cassandra(R) (com.datastax.oss:java-driver-core) version 4.15.0
13:02:40.700 [s0-admin-0] INFO  - Using native clock for microsecond precision
13:02:41.372 [s0-io-2] WARN  - [] /127.0.0.1:9042 did not send an authentication challenge; This is suspicious because the driver expects authentication
13:02:41.881 [s0-io-3] WARN  - [] /127.0.0.1:9042 did not send an authentication challenge; This is suspicious because the driver expects authentication
13:02:43.333 [main] WARN  - 

Using generated security password: f2fec69c-1d57-401d-ada8-de6289ad84b7

This generated password is for development use only. Your security configuration must be updated before running your application in production.

13:02:43.626 [main] INFO  - Will secure any request with [org.springframework.security.web.session.DisableEncodeUrlFilter@5366575d, org.springframework.security.web.context.request.async.WebAsyncManagerIntegrationFilter@1b6cad77, org.springframework.security.web.context.SecurityContextHolderFilter@7747cc1b, org.springframework.security.web.header.HeaderWriterFilter@775edae0, org.springframework.web.filter.CorsFilter@1fca53a7, org.springframework.security.web.authentication.logout.LogoutFilter@70840a5a, org.springframework.security.web.savedrequest.RequestCacheAwareFilter@74bfdd66, org.springframework.security.web.servletapi.SecurityContextHolderAwareRequestFilter@26bce60d, org.springframework.security.web.authentication.AnonymousAuthenticationFilter@40dee07b, org.springframework.security.web.access.ExceptionTranslationFilter@12723c5d, org.springframework.security.web.access.intercept.AuthorizationFilter@1c05097c]
13:02:44.640 [main] WARN  - Endpoint ID 'swagger-ui' contains invalid characters, please migrate to a valid format.
13:02:45.130 [main] INFO  - Starting ProtocolHandler ["http-nio-8080"]
13:02:45.153 [main] INFO  - Tomcat started on port(s): 8080 (http) with context path ''
13:02:45.282 [main] INFO  - Tomcat initialized with port(s): 9090 (http)
13:02:45.283 [main] INFO  - Initializing ProtocolHandler ["http-nio-9090"]
13:02:45.283 [main] INFO  - Starting service [Tomcat]
13:02:45.283 [main] INFO  - Starting Servlet engine: [Apache Tomcat/10.1.10]
13:02:45.309 [main] INFO  - Initializing Spring embedded WebApplicationContext
13:02:45.309 [main] INFO  - Root WebApplicationContext: initialization completed in 149 ms
13:02:45.345 [main] INFO  - Exposing 3 endpoint(s) beneath base path '/actuator'
13:02:45.433 [main] INFO  - Starting ProtocolHandler ["http-nio-9090"]
13:02:45.437 [main] INFO  - Tomcat started on port(s): 9090 (http) with context path ''
13:02:45.464 [main] INFO  - Started Application in 13.914 seconds (process running for 16.161)
13:02:48.253 [http-nio-8080-exec-2] INFO  - Initializing Spring DispatcherServlet 'dispatcherServlet'
13:02:48.255 [http-nio-8080-exec-2] INFO  - Initializing Servlet 'dispatcherServlet'
13:02:48.257 [http-nio-8080-exec-2] INFO  - Completed initialization in 1 ms
13:02:48.506 [http-nio-8080-exec-2] ERROR - JSON parse error: Cannot deserialize value of type `java.time.LocalDate` from Object value (token `JsonToken.START_OBJECT`)
13:03:05.824 [http-nio-8080-exec-5] ERROR - JSON parse error: Cannot deserialize value of type `java.time.LocalDate` from Object value (token `JsonToken.START_OBJECT`)
20:41:14.001 [background-preinit] INFO  - HV000001: Hibernate Validator 8.0.0.Final
20:41:14.199 [main] INFO  - Starting Application using Java 19.0.2 with PID 9582 (/Users/admin/Desktop/project/spring-hotel/build/classes/java/main started by admin in /Users/admin/Desktop/project/spring-hotel)
20:41:14.200 [main] INFO  - No active profile set, falling back to 1 default profile: "default"
20:41:18.350 [main] INFO  - Bootstrapping Spring Data Reactive Cassandra repositories in DEFAULT mode.
20:41:18.505 [main] INFO  - Finished Spring Data repository scanning in 136 ms. Found 0 Reactive Cassandra repository interfaces.
20:41:18.514 [main] INFO  - Bootstrapping Spring Data Cassandra repositories in DEFAULT mode.
20:41:18.592 [main] INFO  - Finished Spring Data repository scanning in 77 ms. Found 2 Cassandra repository interfaces.
20:41:20.140 [main] INFO  - Tomcat initialized with port(s): 8080 (http)
20:41:20.174 [main] INFO  - Initializing ProtocolHandler ["http-nio-8080"]
20:41:20.183 [main] INFO  - Starting service [Tomcat]
20:41:20.183 [main] INFO  - Starting Servlet engine: [Apache Tomcat/10.1.10]
20:41:20.410 [main] INFO  - Initializing Spring embedded WebApplicationContext
20:41:20.413 [main] INFO  - Root WebApplicationContext: initialization completed in 5939 ms
20:41:22.354 [main] INFO  - DataStax Java driver for Apache Cassandra(R) (com.datastax.oss:java-driver-core) version 4.15.0
20:41:24.159 [s0-admin-0] INFO  - Using native clock for microsecond precision
20:41:25.039 [s0-io-2] WARN  - [] /127.0.0.1:9042 did not send an authentication challenge; This is suspicious because the driver expects authentication
20:41:25.536 [s0-io-3] WARN  - [] /127.0.0.1:9042 did not send an authentication challenge; This is suspicious because the driver expects authentication
20:41:27.153 [main] WARN  - 

Using generated security password: 84067a01-ff7c-4741-ab6a-afee055a360d

This generated password is for development use only. Your security configuration must be updated before running your application in production.

20:41:27.591 [main] INFO  - Will secure any request with [org.springframework.security.web.session.DisableEncodeUrlFilter@67593f7b, org.springframework.security.web.context.request.async.WebAsyncManagerIntegrationFilter@2773504f, org.springframework.security.web.context.SecurityContextHolderFilter@7404aff2, org.springframework.security.web.header.HeaderWriterFilter@e7d0db2, org.springframework.web.filter.CorsFilter@497921d0, org.springframework.security.web.authentication.logout.LogoutFilter@7e20f4e3, org.springframework.security.web.savedrequest.RequestCacheAwareFilter@56a09a5c, org.springframework.security.web.servletapi.SecurityContextHolderAwareRequestFilter@7747cc1b, org.springframework.security.web.authentication.AnonymousAuthenticationFilter@40d10264, org.springframework.security.web.access.ExceptionTranslationFilter@77476fcf, org.springframework.security.web.access.intercept.AuthorizationFilter@6cfd08e9]
20:41:28.603 [main] WARN  - Endpoint ID 'swagger-ui' contains invalid characters, please migrate to a valid format.
20:41:29.110 [main] INFO  - Starting ProtocolHandler ["http-nio-8080"]
20:41:29.182 [main] INFO  - Tomcat started on port(s): 8080 (http) with context path ''
20:41:29.353 [main] INFO  - Tomcat initialized with port(s): 9090 (http)
20:41:29.354 [main] INFO  - Initializing ProtocolHandler ["http-nio-9090"]
20:41:29.355 [main] INFO  - Starting service [Tomcat]
20:41:29.355 [main] INFO  - Starting Servlet engine: [Apache Tomcat/10.1.10]
20:41:29.384 [main] INFO  - Initializing Spring embedded WebApplicationContext
20:41:29.384 [main] INFO  - Root WebApplicationContext: initialization completed in 185 ms
20:41:29.409 [main] INFO  - Exposing 3 endpoint(s) beneath base path '/actuator'
20:41:29.466 [main] INFO  - Starting ProtocolHandler ["http-nio-9090"]
20:41:29.469 [main] INFO  - Tomcat started on port(s): 9090 (http) with context path ''
20:41:29.491 [main] INFO  - Started Application in 18.048 seconds (process running for 20.66)
20:41:34.981 [http-nio-8080-exec-4] INFO  - Initializing Spring DispatcherServlet 'dispatcherServlet'
20:41:34.984 [http-nio-8080-exec-4] INFO  - Initializing Servlet 'dispatcherServlet'
20:41:34.990 [http-nio-8080-exec-4] INFO  - Completed initialization in 6 ms
21:34:05.429 [background-preinit] INFO  - HV000001: Hibernate Validator 8.0.0.Final
21:34:05.546 [main] INFO  - Starting Application using Java 19.0.2 with PID 9779 (/Users/admin/Desktop/project/spring-hotel/build/classes/java/main started by admin in /Users/admin/Desktop/project/spring-hotel)
21:34:05.551 [main] INFO  - No active profile set, falling back to 1 default profile: "default"
21:34:09.113 [main] INFO  - Bootstrapping Spring Data Reactive Cassandra repositories in DEFAULT mode.
21:34:09.224 [main] INFO  - Finished Spring Data repository scanning in 95 ms. Found 0 Reactive Cassandra repository interfaces.
21:34:09.240 [main] INFO  - Bootstrapping Spring Data Cassandra repositories in DEFAULT mode.
21:34:09.289 [main] INFO  - Finished Spring Data repository scanning in 48 ms. Found 2 Cassandra repository interfaces.
21:34:10.620 [main] INFO  - Tomcat initialized with port(s): 8080 (http)
21:34:10.656 [main] INFO  - Initializing ProtocolHandler ["http-nio-8080"]
21:34:10.664 [main] INFO  - Starting service [Tomcat]
21:34:10.665 [main] INFO  - Starting Servlet engine: [Apache Tomcat/10.1.10]
21:34:10.874 [main] INFO  - Initializing Spring embedded WebApplicationContext
21:34:10.876 [main] INFO  - Root WebApplicationContext: initialization completed in 5163 ms
21:34:12.753 [main] INFO  - DataStax Java driver for Apache Cassandra(R) (com.datastax.oss:java-driver-core) version 4.15.0
21:34:14.631 [s0-admin-0] INFO  - Using native clock for microsecond precision
21:34:15.557 [s0-io-2] WARN  - [] /127.0.0.1:9042 did not send an authentication challenge; This is suspicious because the driver expects authentication
21:34:16.216 [s0-io-3] WARN  - [] /127.0.0.1:9042 did not send an authentication challenge; This is suspicious because the driver expects authentication
21:34:17.857 [main] WARN  - 

Using generated security password: 6d9690ca-3c4d-48e3-a0bd-ed762cad4fb3

This generated password is for development use only. Your security configuration must be updated before running your application in production.

21:34:18.261 [main] INFO  - Will secure any request with [org.springframework.security.web.session.DisableEncodeUrlFilter@3291d9c2, org.springframework.security.web.context.request.async.WebAsyncManagerIntegrationFilter@6cfd08e9, org.springframework.security.web.context.SecurityContextHolderFilter@74619273, org.springframework.security.web.header.HeaderWriterFilter@1b5af65b, org.springframework.web.filter.CorsFilter@54ca9420, org.springframework.security.web.authentication.logout.LogoutFilter@5c5f12e, org.springframework.security.web.savedrequest.RequestCacheAwareFilter@1d7f7962, org.springframework.security.web.servletapi.SecurityContextHolderAwareRequestFilter@3e8afc2d, org.springframework.security.web.authentication.AnonymousAuthenticationFilter@4ea48b2e, org.springframework.security.web.access.ExceptionTranslationFilter@69d58731, org.springframework.security.web.access.intercept.AuthorizationFilter@540212be]
21:34:19.259 [main] WARN  - Endpoint ID 'swagger-ui' contains invalid characters, please migrate to a valid format.
21:34:19.763 [main] INFO  - Starting ProtocolHandler ["http-nio-8080"]
21:34:19.790 [main] INFO  - Tomcat started on port(s): 8080 (http) with context path ''
21:34:19.979 [main] INFO  - Tomcat initialized with port(s): 9090 (http)
21:34:19.980 [main] INFO  - Initializing ProtocolHandler ["http-nio-9090"]
21:34:19.981 [main] INFO  - Starting service [Tomcat]
21:34:19.981 [main] INFO  - Starting Servlet engine: [Apache Tomcat/10.1.10]
21:34:20.011 [main] INFO  - Initializing Spring embedded WebApplicationContext
21:34:20.011 [main] INFO  - Root WebApplicationContext: initialization completed in 213 ms
21:34:20.035 [main] INFO  - Exposing 3 endpoint(s) beneath base path '/actuator'
21:34:20.099 [main] INFO  - Starting ProtocolHandler ["http-nio-9090"]
21:34:20.102 [main] INFO  - Tomcat started on port(s): 9090 (http) with context path ''
21:34:20.134 [main] INFO  - Started Application in 16.225 seconds (process running for 18.959)
21:34:35.140 [http-nio-8080-exec-1] INFO  - Initializing Spring DispatcherServlet 'dispatcherServlet'
21:34:35.143 [http-nio-8080-exec-1] INFO  - Initializing Servlet 'dispatcherServlet'
21:34:35.158 [http-nio-8080-exec-1] INFO  - Completed initialization in 13 ms
21:34:35.511 [http-nio-8080-exec-1] ERROR - Required request body is missing: public org.springframework.http.ResponseEntity<java.util.List<ru.hotel.dto.RoomDto>> ru.hotel.controller.AdminController.getBooked(ru.hotel.dto.DateDto)
