19:02:11.682 [background-preinit] INFO  - HV000001: Hibernate Validator 8.0.0.Final
19:02:12.418 [main] INFO  - Starting Application using Java 19.0.2 with PID 7005 (/Users/admin/Desktop/project/spring-hotel/build/classes/java/main started by admin in /Users/admin/Desktop/project/spring-hotel)
19:02:12.420 [main] INFO  - No active profile set, falling back to 1 default profile: "default"
19:02:17.667 [main] INFO  - Bootstrapping Spring Data Reactive Cassandra repositories in DEFAULT mode.
19:02:17.802 [main] INFO  - Finished Spring Data repository scanning in 108 ms. Found 0 Reactive Cassandra repository interfaces.
19:02:17.809 [main] INFO  - Bootstrapping Spring Data Cassandra repositories in DEFAULT mode.
19:02:17.855 [main] INFO  - Finished Spring Data repository scanning in 45 ms. Found 1 Cassandra repository interfaces.
19:02:19.776 [main] INFO  - Tomcat initialized with port(s): 8080 (http)
19:02:19.815 [main] INFO  - Initializing ProtocolHandler ["http-nio-8080"]
19:02:19.828 [main] INFO  - Starting service [Tomcat]
19:02:19.829 [main] INFO  - Starting Servlet engine: [Apache Tomcat/10.1.10]
19:02:20.155 [main] INFO  - Initializing Spring embedded WebApplicationContext
19:02:20.157 [main] INFO  - Root WebApplicationContext: initialization completed in 7120 ms
19:02:22.184 [main] INFO  - DataStax Java driver for Apache Cassandra(R) (com.datastax.oss:java-driver-core) version 4.15.0
19:02:23.960 [s0-admin-0] INFO  - Using native clock for microsecond precision
19:02:25.032 [s0-io-2] WARN  - [] /127.0.0.1:9042 did not send an authentication challenge; This is suspicious because the driver expects authentication
19:02:25.663 [s0-io-3] WARN  - [] /127.0.0.1:9042 did not send an authentication challenge; This is suspicious because the driver expects authentication
19:02:27.412 [main] WARN  - 

Using generated security password: 2d6fedec-190f-4f69-8bdf-51f455d6bbf1

This generated password is for development use only. Your security configuration must be updated before running your application in production.

19:02:27.886 [main] INFO  - Will secure any request with [org.springframework.security.web.session.DisableEncodeUrlFilter@7a34c1f6, org.springframework.security.web.context.request.async.WebAsyncManagerIntegrationFilter@6e9f8160, org.springframework.security.web.context.SecurityContextHolderFilter@46ee7013, org.springframework.security.web.header.HeaderWriterFilter@4d4c4b14, org.springframework.web.filter.CorsFilter@3e998033, org.springframework.security.web.authentication.logout.LogoutFilter@417446d9, org.springframework.security.web.savedrequest.RequestCacheAwareFilter@3275a47f, org.springframework.security.web.servletapi.SecurityContextHolderAwareRequestFilter@74619273, org.springframework.security.web.authentication.AnonymousAuthenticationFilter@e1a150c, org.springframework.security.web.access.ExceptionTranslationFilter@7c048b30, org.springframework.security.web.access.intercept.AuthorizationFilter@688d2a5d]
19:02:28.877 [main] WARN  - Endpoint ID 'swagger-ui' contains invalid characters, please migrate to a valid format.
19:02:29.517 [main] INFO  - Starting ProtocolHandler ["http-nio-8080"]
19:02:29.549 [main] INFO  - Tomcat started on port(s): 8080 (http) with context path ''
19:02:29.715 [main] INFO  - Tomcat initialized with port(s): 9090 (http)
19:02:29.716 [main] INFO  - Initializing ProtocolHandler ["http-nio-9090"]
19:02:29.717 [main] INFO  - Starting service [Tomcat]
19:02:29.717 [main] INFO  - Starting Servlet engine: [Apache Tomcat/10.1.10]
19:02:29.742 [main] INFO  - Initializing Spring embedded WebApplicationContext
19:02:29.742 [main] INFO  - Root WebApplicationContext: initialization completed in 187 ms
19:02:29.781 [main] INFO  - Exposing 3 endpoint(s) beneath base path '/actuator'
19:02:29.866 [main] INFO  - Starting ProtocolHandler ["http-nio-9090"]
19:02:29.875 [main] INFO  - Tomcat started on port(s): 9090 (http) with context path ''
19:02:29.897 [main] INFO  - Started Application in 22.181 seconds (process running for 26.057)
19:02:53.455 [http-nio-8080-exec-2] INFO  - Initializing Spring DispatcherServlet 'dispatcherServlet'
19:02:53.460 [http-nio-8080-exec-2] INFO  - Initializing Servlet 'dispatcherServlet'
19:02:53.478 [http-nio-8080-exec-2] INFO  - Completed initialization in 18 ms
19:02:54.635 [http-nio-8080-exec-2] ERROR - No converter for [class ru.hotel.dto.HotelDto] with preset Content-Type 'null'
19:04:08.147 [background-preinit] INFO  - HV000001: Hibernate Validator 8.0.0.Final
19:04:08.411 [main] INFO  - Starting Application using Java 19.0.2 with PID 7022 (/Users/admin/Desktop/project/spring-hotel/build/classes/java/main started by admin in /Users/admin/Desktop/project/spring-hotel)
19:04:08.413 [main] INFO  - No active profile set, falling back to 1 default profile: "default"
19:04:12.181 [main] INFO  - Bootstrapping Spring Data Reactive Cassandra repositories in DEFAULT mode.
19:04:12.321 [main] INFO  - Finished Spring Data repository scanning in 122 ms. Found 0 Reactive Cassandra repository interfaces.
19:04:12.329 [main] INFO  - Bootstrapping Spring Data Cassandra repositories in DEFAULT mode.
19:04:12.362 [main] INFO  - Finished Spring Data repository scanning in 33 ms. Found 1 Cassandra repository interfaces.
19:04:13.559 [main] INFO  - Tomcat initialized with port(s): 8080 (http)
19:04:13.588 [main] INFO  - Initializing ProtocolHandler ["http-nio-8080"]
19:04:13.597 [main] INFO  - Starting service [Tomcat]
19:04:13.599 [main] INFO  - Starting Servlet engine: [Apache Tomcat/10.1.10]
19:04:13.797 [main] INFO  - Initializing Spring embedded WebApplicationContext
19:04:13.801 [main] INFO  - Root WebApplicationContext: initialization completed in 5241 ms
19:04:15.518 [main] INFO  - DataStax Java driver for Apache Cassandra(R) (com.datastax.oss:java-driver-core) version 4.15.0
19:04:16.903 [s0-admin-0] INFO  - Using native clock for microsecond precision
19:04:17.566 [s0-io-2] WARN  - [] /127.0.0.1:9042 did not send an authentication challenge; This is suspicious because the driver expects authentication
19:04:18.121 [s0-io-3] WARN  - [] /127.0.0.1:9042 did not send an authentication challenge; This is suspicious because the driver expects authentication
19:04:19.699 [main] WARN  - 

Using generated security password: 81421dc5-6320-413c-b0d2-b7d97aa618db

This generated password is for development use only. Your security configuration must be updated before running your application in production.

19:04:20.032 [main] INFO  - Will secure any request with [org.springframework.security.web.session.DisableEncodeUrlFilter@7af9595d, org.springframework.security.web.context.request.async.WebAsyncManagerIntegrationFilter@7a34c1f6, org.springframework.security.web.context.SecurityContextHolderFilter@11170228, org.springframework.security.web.header.HeaderWriterFilter@309cf657, org.springframework.web.filter.CorsFilter@6e9f8160, org.springframework.security.web.authentication.logout.LogoutFilter@615c4ea4, org.springframework.security.web.savedrequest.RequestCacheAwareFilter@69d58731, org.springframework.security.web.servletapi.SecurityContextHolderAwareRequestFilter@6b289535, org.springframework.security.web.authentication.AnonymousAuthenticationFilter@3e998033, org.springframework.security.web.access.ExceptionTranslationFilter@4b00d59, org.springframework.security.web.access.intercept.AuthorizationFilter@85cd413]
19:04:21.014 [main] WARN  - Endpoint ID 'swagger-ui' contains invalid characters, please migrate to a valid format.
19:04:21.576 [main] INFO  - Starting ProtocolHandler ["http-nio-8080"]
19:04:21.604 [main] INFO  - Tomcat started on port(s): 8080 (http) with context path ''
19:04:21.724 [main] INFO  - Tomcat initialized with port(s): 9090 (http)
19:04:21.725 [main] INFO  - Initializing ProtocolHandler ["http-nio-9090"]
19:04:21.726 [main] INFO  - Starting service [Tomcat]
19:04:21.726 [main] INFO  - Starting Servlet engine: [Apache Tomcat/10.1.10]
19:04:21.750 [main] INFO  - Initializing Spring embedded WebApplicationContext
19:04:21.750 [main] INFO  - Root WebApplicationContext: initialization completed in 140 ms
19:04:21.769 [main] INFO  - Exposing 3 endpoint(s) beneath base path '/actuator'
19:04:21.868 [main] INFO  - Starting ProtocolHandler ["http-nio-9090"]
19:04:21.872 [main] INFO  - Tomcat started on port(s): 9090 (http) with context path ''
19:04:21.897 [main] INFO  - Started Application in 15.056 seconds (process running for 18.175)
19:04:26.279 [http-nio-8080-exec-2] INFO  - Initializing Spring DispatcherServlet 'dispatcherServlet'
19:04:26.280 [http-nio-8080-exec-2] INFO  - Initializing Servlet 'dispatcherServlet'
19:04:26.282 [http-nio-8080-exec-2] INFO  - Completed initialization in 2 ms
19:04:26.735 [http-nio-8080-exec-2] ERROR - No converter for [class ru.hotel.dto.HotelDto] with preset Content-Type 'null'
19:06:14.034 [background-preinit] INFO  - HV000001: Hibernate Validator 8.0.0.Final
19:06:14.209 [main] INFO  - Starting Application using Java 19.0.2 with PID 7035 (/Users/admin/Desktop/project/spring-hotel/build/classes/java/main started by admin in /Users/admin/Desktop/project/spring-hotel)
19:06:14.210 [main] INFO  - No active profile set, falling back to 1 default profile: "default"
19:06:17.108 [main] INFO  - Bootstrapping Spring Data Reactive Cassandra repositories in DEFAULT mode.
19:06:17.220 [main] INFO  - Finished Spring Data repository scanning in 93 ms. Found 0 Reactive Cassandra repository interfaces.
19:06:17.226 [main] INFO  - Bootstrapping Spring Data Cassandra repositories in DEFAULT mode.
19:06:17.275 [main] INFO  - Finished Spring Data repository scanning in 48 ms. Found 1 Cassandra repository interfaces.
19:06:18.405 [main] INFO  - Tomcat initialized with port(s): 8080 (http)
19:06:18.434 [main] INFO  - Initializing ProtocolHandler ["http-nio-8080"]
19:06:18.437 [main] INFO  - Starting service [Tomcat]
19:06:18.438 [main] INFO  - Starting Servlet engine: [Apache Tomcat/10.1.10]
19:06:18.636 [main] INFO  - Initializing Spring embedded WebApplicationContext
19:06:18.639 [main] INFO  - Root WebApplicationContext: initialization completed in 4257 ms
19:06:19.963 [main] INFO  - DataStax Java driver for Apache Cassandra(R) (com.datastax.oss:java-driver-core) version 4.15.0
19:06:21.251 [s0-admin-0] INFO  - Using native clock for microsecond precision
19:06:21.912 [s0-io-2] WARN  - [] /127.0.0.1:9042 did not send an authentication challenge; This is suspicious because the driver expects authentication
19:06:22.351 [s0-io-3] WARN  - [] /127.0.0.1:9042 did not send an authentication challenge; This is suspicious because the driver expects authentication
19:06:23.768 [main] WARN  - 

Using generated security password: cc73445c-7fd5-42b2-b0b9-1a554189912e

This generated password is for development use only. Your security configuration must be updated before running your application in production.

19:06:24.061 [main] INFO  - Will secure any request with [org.springframework.security.web.session.DisableEncodeUrlFilter@7a34c1f6, org.springframework.security.web.context.request.async.WebAsyncManagerIntegrationFilter@6e9f8160, org.springframework.security.web.context.SecurityContextHolderFilter@46ee7013, org.springframework.security.web.header.HeaderWriterFilter@4d4c4b14, org.springframework.web.filter.CorsFilter@3e998033, org.springframework.security.web.authentication.logout.LogoutFilter@417446d9, org.springframework.security.web.savedrequest.RequestCacheAwareFilter@3275a47f, org.springframework.security.web.servletapi.SecurityContextHolderAwareRequestFilter@74619273, org.springframework.security.web.authentication.AnonymousAuthenticationFilter@e1a150c, org.springframework.security.web.access.ExceptionTranslationFilter@7c048b30, org.springframework.security.web.access.intercept.AuthorizationFilter@688d2a5d]
19:06:25.009 [main] WARN  - Endpoint ID 'swagger-ui' contains invalid characters, please migrate to a valid format.
19:06:25.576 [main] INFO  - Starting ProtocolHandler ["http-nio-8080"]
19:06:25.606 [main] INFO  - Tomcat started on port(s): 8080 (http) with context path ''
19:06:25.741 [main] INFO  - Tomcat initialized with port(s): 9090 (http)
19:06:25.742 [main] INFO  - Initializing ProtocolHandler ["http-nio-9090"]
19:06:25.742 [main] INFO  - Starting service [Tomcat]
19:06:25.743 [main] INFO  - Starting Servlet engine: [Apache Tomcat/10.1.10]
19:06:25.770 [main] INFO  - Initializing Spring embedded WebApplicationContext
19:06:25.770 [main] INFO  - Root WebApplicationContext: initialization completed in 158 ms
19:06:25.809 [main] INFO  - Exposing 3 endpoint(s) beneath base path '/actuator'
19:06:25.910 [main] INFO  - Starting ProtocolHandler ["http-nio-9090"]
19:06:25.919 [main] INFO  - Tomcat started on port(s): 9090 (http) with context path ''
19:06:25.954 [main] INFO  - Started Application in 13.314 seconds (process running for 16.454)
19:07:05.093 [http-nio-8080-exec-2] INFO  - Initializing Spring DispatcherServlet 'dispatcherServlet'
19:07:05.098 [http-nio-8080-exec-2] INFO  - Initializing Servlet 'dispatcherServlet'
19:07:05.122 [http-nio-8080-exec-2] INFO  - Completed initialization in 22 ms
19:07:05.850 [http-nio-8080-exec-2] ERROR - No converter for [class ru.hotel.dto.HotelDto] with preset Content-Type 'null'
19:14:04.435 [background-preinit] INFO  - HV000001: Hibernate Validator 8.0.0.Final
19:14:04.527 [main] INFO  - Starting Application using Java 19.0.2 with PID 7057 (/Users/admin/Desktop/project/spring-hotel/build/classes/java/main started by admin in /Users/admin/Desktop/project/spring-hotel)
19:14:04.528 [main] INFO  - No active profile set, falling back to 1 default profile: "default"
19:14:07.718 [main] INFO  - Bootstrapping Spring Data Reactive Cassandra repositories in DEFAULT mode.
19:14:07.824 [main] INFO  - Finished Spring Data repository scanning in 89 ms. Found 0 Reactive Cassandra repository interfaces.
19:14:07.830 [main] INFO  - Bootstrapping Spring Data Cassandra repositories in DEFAULT mode.
19:14:07.865 [main] INFO  - Finished Spring Data repository scanning in 35 ms. Found 1 Cassandra repository interfaces.
19:14:09.090 [main] INFO  - Tomcat initialized with port(s): 8080 (http)
19:14:09.116 [main] INFO  - Initializing ProtocolHandler ["http-nio-8080"]
19:14:09.125 [main] INFO  - Starting service [Tomcat]
19:14:09.125 [main] INFO  - Starting Servlet engine: [Apache Tomcat/10.1.10]
19:14:09.373 [main] INFO  - Initializing Spring embedded WebApplicationContext
19:14:09.377 [main] INFO  - Root WebApplicationContext: initialization completed in 4680 ms
19:14:11.149 [main] INFO  - DataStax Java driver for Apache Cassandra(R) (com.datastax.oss:java-driver-core) version 4.15.0
19:14:12.880 [s0-admin-0] INFO  - Using native clock for microsecond precision
19:14:13.761 [s0-io-2] WARN  - [] /127.0.0.1:9042 did not send an authentication challenge; This is suspicious because the driver expects authentication
19:14:15.048 [s0-io-3] WARN  - [] /127.0.0.1:9042 did not send an authentication challenge; This is suspicious because the driver expects authentication
19:14:17.089 [main] WARN  - 

Using generated security password: 780f2a3e-2dff-45bf-bcd7-47784b1e0e18

This generated password is for development use only. Your security configuration must be updated before running your application in production.

19:14:17.579 [main] INFO  - Will secure any request with [org.springframework.security.web.session.DisableEncodeUrlFilter@4ea48b2e, org.springframework.security.web.context.request.async.WebAsyncManagerIntegrationFilter@72c704f1, org.springframework.security.web.context.SecurityContextHolderFilter@32d1d6c5, org.springframework.security.web.header.HeaderWriterFilter@74619273, org.springframework.web.filter.CorsFilter@76f9e000, org.springframework.security.web.authentication.logout.LogoutFilter@1e3566e, org.springframework.security.web.savedrequest.RequestCacheAwareFilter@58583a2d, org.springframework.security.web.servletapi.SecurityContextHolderAwareRequestFilter@8ce3f27, org.springframework.security.web.authentication.AnonymousAuthenticationFilter@7612116b, org.springframework.security.web.access.ExceptionTranslationFilter@2e0163cb, org.springframework.security.web.access.intercept.AuthorizationFilter@7e20f4e3]
19:14:19.228 [main] WARN  - Endpoint ID 'swagger-ui' contains invalid characters, please migrate to a valid format.
19:14:19.826 [main] INFO  - Starting ProtocolHandler ["http-nio-8080"]
19:14:19.874 [main] INFO  - Tomcat started on port(s): 8080 (http) with context path ''
19:14:20.068 [main] INFO  - Tomcat initialized with port(s): 9090 (http)
19:14:20.069 [main] INFO  - Initializing ProtocolHandler ["http-nio-9090"]
19:14:20.070 [main] INFO  - Starting service [Tomcat]
19:14:20.070 [main] INFO  - Starting Servlet engine: [Apache Tomcat/10.1.10]
19:14:20.118 [main] INFO  - Initializing Spring embedded WebApplicationContext
19:14:20.119 [main] INFO  - Root WebApplicationContext: initialization completed in 234 ms
19:14:20.142 [main] INFO  - Exposing 3 endpoint(s) beneath base path '/actuator'
19:14:20.214 [main] INFO  - Starting ProtocolHandler ["http-nio-9090"]
19:14:20.217 [main] INFO  - Tomcat started on port(s): 9090 (http) with context path ''
19:14:20.300 [main] INFO  - Started Application in 17.137 seconds (process running for 18.818)
19:14:21.414 [RMI TCP Connection(3)-192.168.0.12] INFO  - Initializing Spring DispatcherServlet 'dispatcherServlet'
19:14:21.414 [RMI TCP Connection(3)-192.168.0.12] INFO  - Initializing Servlet 'dispatcherServlet'
19:14:21.430 [RMI TCP Connection(3)-192.168.0.12] INFO  - Completed initialization in 14 ms
20:35:23.798 [background-preinit] INFO  - HV000001: Hibernate Validator 8.0.0.Final
20:35:24.057 [main] INFO  - Starting Application using Java 19.0.2 with PID 7211 (/Users/admin/Desktop/project/spring-hotel/build/classes/java/main started by admin in /Users/admin/Desktop/project/spring-hotel)
20:35:24.058 [main] INFO  - No active profile set, falling back to 1 default profile: "default"
20:35:27.247 [main] INFO  - Bootstrapping Spring Data Reactive Cassandra repositories in DEFAULT mode.
20:35:27.351 [main] INFO  - Finished Spring Data repository scanning in 87 ms. Found 0 Reactive Cassandra repository interfaces.
20:35:27.356 [main] INFO  - Bootstrapping Spring Data Cassandra repositories in DEFAULT mode.
20:35:27.387 [main] INFO  - Finished Spring Data repository scanning in 30 ms. Found 1 Cassandra repository interfaces.
20:35:28.593 [main] INFO  - Tomcat initialized with port(s): 8080 (http)
20:35:28.622 [main] INFO  - Initializing ProtocolHandler ["http-nio-8080"]
20:35:28.631 [main] INFO  - Starting service [Tomcat]
20:35:28.631 [main] INFO  - Starting Servlet engine: [Apache Tomcat/10.1.10]
20:35:28.848 [main] INFO  - Initializing Spring embedded WebApplicationContext
20:35:28.853 [main] INFO  - Root WebApplicationContext: initialization completed in 4591 ms
20:35:30.589 [main] INFO  - DataStax Java driver for Apache Cassandra(R) (com.datastax.oss:java-driver-core) version 4.15.0
20:35:32.241 [s0-admin-0] INFO  - Using native clock for microsecond precision
20:35:33.118 [s0-io-2] WARN  - [] /127.0.0.1:9042 did not send an authentication challenge; This is suspicious because the driver expects authentication
20:35:33.753 [s0-io-3] WARN  - [] /127.0.0.1:9042 did not send an authentication challenge; This is suspicious because the driver expects authentication
20:35:36.813 [main] WARN  - 

Using generated security password: 0ec34461-2fb7-4366-a593-74d61c893027

This generated password is for development use only. Your security configuration must be updated before running your application in production.

20:35:37.296 [main] INFO  - Will secure any request with [org.springframework.security.web.session.DisableEncodeUrlFilter@651caa2e, org.springframework.security.web.context.request.async.WebAsyncManagerIntegrationFilter@433ae0b0, org.springframework.security.web.context.SecurityContextHolderFilter@309cf657, org.springframework.security.web.header.HeaderWriterFilter@49f2646, org.springframework.web.filter.CorsFilter@70840a5a, org.springframework.security.web.authentication.logout.LogoutFilter@76eadc5a, org.springframework.security.web.savedrequest.RequestCacheAwareFilter@49925d21, org.springframework.security.web.servletapi.SecurityContextHolderAwareRequestFilter@3275a47f, org.springframework.security.web.authentication.AnonymousAuthenticationFilter@7af9595d, org.springframework.security.web.access.ExceptionTranslationFilter@335972a5, org.springframework.security.web.access.intercept.AuthorizationFilter@4805069b]
20:35:38.901 [main] WARN  - Endpoint ID 'swagger-ui' contains invalid characters, please migrate to a valid format.
20:35:39.678 [main] INFO  - Starting ProtocolHandler ["http-nio-8080"]
20:35:39.715 [main] INFO  - Tomcat started on port(s): 8080 (http) with context path ''
20:35:39.938 [main] INFO  - Tomcat initialized with port(s): 9090 (http)
20:35:39.939 [main] INFO  - Initializing ProtocolHandler ["http-nio-9090"]
20:35:39.940 [main] INFO  - Starting service [Tomcat]
20:35:39.940 [main] INFO  - Starting Servlet engine: [Apache Tomcat/10.1.10]
20:35:39.980 [main] INFO  - Initializing Spring embedded WebApplicationContext
20:35:39.980 [main] INFO  - Root WebApplicationContext: initialization completed in 258 ms
20:35:40.015 [main] INFO  - Exposing 3 endpoint(s) beneath base path '/actuator'
20:35:40.118 [main] INFO  - Starting ProtocolHandler ["http-nio-9090"]
20:35:40.136 [main] INFO  - Tomcat started on port(s): 9090 (http) with context path ''
20:35:40.212 [main] INFO  - Started Application in 18.748 seconds (process running for 21.817)
20:36:13.852 [http-nio-8080-exec-2] INFO  - Initializing Spring DispatcherServlet 'dispatcherServlet'
20:36:13.854 [http-nio-8080-exec-2] INFO  - Initializing Servlet 'dispatcherServlet'
20:36:13.867 [http-nio-8080-exec-2] INFO  - Completed initialization in 13 ms
20:48:51.171 [background-preinit] INFO  - HV000001: Hibernate Validator 8.0.0.Final
20:48:51.471 [main] INFO  - Starting Application using Java 19.0.2 with PID 7239 (/Users/admin/Desktop/project/spring-hotel/build/classes/java/main started by admin in /Users/admin/Desktop/project/spring-hotel)
20:48:51.472 [main] INFO  - No active profile set, falling back to 1 default profile: "default"
20:48:55.901 [main] INFO  - Bootstrapping Spring Data Reactive Cassandra repositories in DEFAULT mode.
20:48:56.016 [main] INFO  - Finished Spring Data repository scanning in 95 ms. Found 0 Reactive Cassandra repository interfaces.
20:48:56.024 [main] INFO  - Bootstrapping Spring Data Cassandra repositories in DEFAULT mode.
20:48:56.064 [main] INFO  - Finished Spring Data repository scanning in 37 ms. Found 1 Cassandra repository interfaces.
20:48:57.352 [main] INFO  - Tomcat initialized with port(s): 8080 (http)
20:48:57.388 [main] INFO  - Initializing ProtocolHandler ["http-nio-8080"]
20:48:57.397 [main] INFO  - Starting service [Tomcat]
20:48:57.397 [main] INFO  - Starting Servlet engine: [Apache Tomcat/10.1.10]
20:48:57.646 [main] INFO  - Initializing Spring embedded WebApplicationContext
20:48:57.651 [main] INFO  - Root WebApplicationContext: initialization completed in 5931 ms
20:48:59.532 [main] INFO  - DataStax Java driver for Apache Cassandra(R) (com.datastax.oss:java-driver-core) version 4.15.0
20:49:01.255 [s0-admin-0] INFO  - Using native clock for microsecond precision
20:49:02.133 [s0-io-2] WARN  - [] /127.0.0.1:9042 did not send an authentication challenge; This is suspicious because the driver expects authentication
20:49:02.636 [s0-io-3] WARN  - [] /127.0.0.1:9042 did not send an authentication challenge; This is suspicious because the driver expects authentication
20:49:04.362 [main] WARN  - 

Using generated security password: 4b152523-e529-4fad-9e20-0aef24b037a2

This generated password is for development use only. Your security configuration must be updated before running your application in production.

20:49:04.791 [main] INFO  - Will secure any request with [org.springframework.security.web.session.DisableEncodeUrlFilter@433ae0b0, org.springframework.security.web.context.request.async.WebAsyncManagerIntegrationFilter@70840a5a, org.springframework.security.web.context.SecurityContextHolderFilter@4d4c4b14, org.springframework.security.web.header.HeaderWriterFilter@4b00d59, org.springframework.web.filter.CorsFilter@7af9595d, org.springframework.security.web.authentication.logout.LogoutFilter@1e9d7366, org.springframework.security.web.savedrequest.RequestCacheAwareFilter@11170228, org.springframework.security.web.servletapi.SecurityContextHolderAwareRequestFilter@1b5af65b, org.springframework.security.web.authentication.AnonymousAuthenticationFilter@7a34c1f6, org.springframework.security.web.access.ExceptionTranslationFilter@59a2bed1, org.springframework.security.web.access.intercept.AuthorizationFilter@14ca88bc]
20:49:05.864 [main] WARN  - Endpoint ID 'swagger-ui' contains invalid characters, please migrate to a valid format.
20:49:06.370 [main] INFO  - Starting ProtocolHandler ["http-nio-8080"]
20:49:06.404 [main] INFO  - Tomcat started on port(s): 8080 (http) with context path ''
20:49:06.589 [main] INFO  - Tomcat initialized with port(s): 9090 (http)
20:49:06.590 [main] INFO  - Initializing ProtocolHandler ["http-nio-9090"]
20:49:06.591 [main] INFO  - Starting service [Tomcat]
20:49:06.591 [main] INFO  - Starting Servlet engine: [Apache Tomcat/10.1.10]
20:49:06.621 [main] INFO  - Initializing Spring embedded WebApplicationContext
20:49:06.621 [main] INFO  - Root WebApplicationContext: initialization completed in 209 ms
20:49:06.648 [main] INFO  - Exposing 3 endpoint(s) beneath base path '/actuator'
20:49:06.704 [main] INFO  - Starting ProtocolHandler ["http-nio-9090"]
20:49:06.707 [main] INFO  - Tomcat started on port(s): 9090 (http) with context path ''
20:49:06.733 [main] INFO  - Started Application in 17.666 seconds (process running for 20.476)
20:49:19.635 [http-nio-8080-exec-2] INFO  - Initializing Spring DispatcherServlet 'dispatcherServlet'
20:49:19.635 [http-nio-8080-exec-2] INFO  - Initializing Servlet 'dispatcherServlet'
20:49:19.637 [http-nio-8080-exec-2] INFO  - Completed initialization in 2 ms
21:22:41.028 [background-preinit] INFO  - HV000001: Hibernate Validator 8.0.0.Final
21:22:41.295 [main] INFO  - Starting Application using Java 19.0.2 with PID 7359 (/Users/admin/Desktop/project/spring-hotel/build/classes/java/main started by admin in /Users/admin/Desktop/project/spring-hotel)
21:22:41.298 [main] INFO  - No active profile set, falling back to 1 default profile: "default"
21:22:45.433 [main] INFO  - Bootstrapping Spring Data Reactive Cassandra repositories in DEFAULT mode.
21:22:45.555 [main] INFO  - Finished Spring Data repository scanning in 104 ms. Found 0 Reactive Cassandra repository interfaces.
21:22:45.562 [main] INFO  - Bootstrapping Spring Data Cassandra repositories in DEFAULT mode.
21:22:45.594 [main] INFO  - Finished Spring Data repository scanning in 31 ms. Found 1 Cassandra repository interfaces.
21:22:46.940 [main] INFO  - Tomcat initialized with port(s): 8080 (http)
21:22:46.969 [main] INFO  - Initializing ProtocolHandler ["http-nio-8080"]
21:22:46.977 [main] INFO  - Starting service [Tomcat]
21:22:46.978 [main] INFO  - Starting Servlet engine: [Apache Tomcat/10.1.10]
21:22:47.192 [main] INFO  - Initializing Spring embedded WebApplicationContext
21:22:47.194 [main] INFO  - Root WebApplicationContext: initialization completed in 5710 ms
21:22:49.013 [main] INFO  - DataStax Java driver for Apache Cassandra(R) (com.datastax.oss:java-driver-core) version 4.15.0
21:22:50.876 [s0-admin-0] INFO  - Using native clock for microsecond precision
21:22:51.953 [s0-io-2] WARN  - [] /127.0.0.1:9042 did not send an authentication challenge; This is suspicious because the driver expects authentication
21:22:52.612 [s0-io-3] WARN  - [] /127.0.0.1:9042 did not send an authentication challenge; This is suspicious because the driver expects authentication
21:22:54.378 [main] WARN  - 

Using generated security password: a1d3244b-900b-4891-9ef3-048c45d727d1

This generated password is for development use only. Your security configuration must be updated before running your application in production.

21:22:54.896 [main] INFO  - Will secure any request with [org.springframework.security.web.session.DisableEncodeUrlFilter@e1a150c, org.springframework.security.web.context.request.async.WebAsyncManagerIntegrationFilter@527d5e48, org.springframework.security.web.context.SecurityContextHolderFilter@1b5af65b, org.springframework.security.web.header.HeaderWriterFilter@46ee7013, org.springframework.web.filter.CorsFilter@407b41e6, org.springframework.security.web.authentication.logout.LogoutFilter@1dd76982, org.springframework.security.web.savedrequest.RequestCacheAwareFilter@6b289535, org.springframework.security.web.servletapi.SecurityContextHolderAwareRequestFilter@32d1d6c5, org.springframework.security.web.authentication.AnonymousAuthenticationFilter@3291d9c2, org.springframework.security.web.access.ExceptionTranslationFilter@49925d21, org.springframework.security.web.access.intercept.AuthorizationFilter@46b21632]
21:22:55.933 [main] WARN  - Endpoint ID 'swagger-ui' contains invalid characters, please migrate to a valid format.
21:22:56.472 [main] INFO  - Starting ProtocolHandler ["http-nio-8080"]
21:22:56.535 [main] INFO  - Tomcat started on port(s): 8080 (http) with context path ''
21:22:56.712 [main] INFO  - Tomcat initialized with port(s): 9090 (http)
21:22:56.713 [main] INFO  - Initializing ProtocolHandler ["http-nio-9090"]
21:22:56.714 [main] INFO  - Starting service [Tomcat]
21:22:56.714 [main] INFO  - Starting Servlet engine: [Apache Tomcat/10.1.10]
21:22:56.750 [main] INFO  - Initializing Spring embedded WebApplicationContext
21:22:56.750 [main] INFO  - Root WebApplicationContext: initialization completed in 208 ms
21:22:56.773 [main] INFO  - Exposing 3 endpoint(s) beneath base path '/actuator'
21:22:56.827 [main] INFO  - Starting ProtocolHandler ["http-nio-9090"]
21:22:56.833 [main] INFO  - Tomcat started on port(s): 9090 (http) with context path ''
21:22:56.858 [main] INFO  - Started Application in 18.031 seconds (process running for 21.536)
21:23:18.128 [http-nio-8080-exec-2] INFO  - Initializing Spring DispatcherServlet 'dispatcherServlet'
21:23:18.131 [http-nio-8080-exec-2] INFO  - Initializing Servlet 'dispatcherServlet'
21:23:18.133 [http-nio-8080-exec-2] INFO  - Completed initialization in 2 ms
