00:11:16.795 [background-preinit] INFO  - HV000001: Hibernate Validator 8.0.0.Final
00:11:17.078 [main] INFO  - Starting Application using Java 19.0.2 with PID 4152 (/Users/admin/Desktop/spring-hotel/build/classes/java/main started by admin in /Users/admin/Desktop/spring-hotel)
00:11:17.080 [main] INFO  - No active profile set, falling back to 1 default profile: "default"
00:11:20.604 [main] INFO  - Bootstrapping Spring Data Reactive Cassandra repositories in DEFAULT mode.
00:11:20.732 [main] INFO  - Finished Spring Data repository scanning in 109 ms. Found 0 Reactive Cassandra repository interfaces.
00:11:20.745 [main] INFO  - Bootstrapping Spring Data Cassandra repositories in DEFAULT mode.
00:11:20.783 [main] INFO  - Finished Spring Data repository scanning in 37 ms. Found 1 Cassandra repository interfaces.
00:11:22.184 [main] INFO  - Tomcat initialized with port(s): 8080 (http)
00:11:22.215 [main] INFO  - Initializing ProtocolHandler ["http-nio-8080"]
00:11:22.224 [main] INFO  - Starting service [Tomcat]
00:11:22.225 [main] INFO  - Starting Servlet engine: [Apache Tomcat/10.1.10]
00:11:22.481 [main] INFO  - Initializing Spring embedded WebApplicationContext
00:11:22.481 [main] INFO  - Root WebApplicationContext: initialization completed in 5258 ms
00:11:24.265 [main] INFO  - DataStax Java driver for Apache Cassandra(R) (com.datastax.oss:java-driver-core) version 4.15.0
00:11:26.113 [s0-admin-0] INFO  - Using native clock for microsecond precision
00:11:27.027 [s0-io-2] WARN  - [] /127.0.0.1:9042 did not send an authentication challenge; This is suspicious because the driver expects authentication
00:11:27.623 [s0-io-3] WARN  - [] /127.0.0.1:9042 did not send an authentication challenge; This is suspicious because the driver expects authentication
00:11:29.495 [main] WARN  - 

Using generated security password: ca6c309a-26d5-489a-9a73-c57beeb78d3f

This generated password is for development use only. Your security configuration must be updated before running your application in production.

00:11:30.003 [main] INFO  - Will secure any request with [org.springframework.security.web.session.DisableEncodeUrlFilter@6802d023, org.springframework.security.web.context.request.async.WebAsyncManagerIntegrationFilter@e895e3e, org.springframework.security.web.context.SecurityContextHolderFilter@7252bdb, org.springframework.security.web.header.HeaderWriterFilter@70aa58e1, org.springframework.web.filter.CorsFilter@77476fcf, org.springframework.security.web.authentication.logout.LogoutFilter@644b68ad, org.springframework.security.web.savedrequest.RequestCacheAwareFilter@4cd8db31, org.springframework.security.web.servletapi.SecurityContextHolderAwareRequestFilter@71eff6a3, org.springframework.security.web.authentication.AnonymousAuthenticationFilter@70805849, org.springframework.security.web.access.ExceptionTranslationFilter@5bad555b, org.springframework.security.web.access.intercept.AuthorizationFilter@46ee7013]
00:11:31.193 [main] WARN  - Endpoint ID 'swagger-ui' contains invalid characters, please migrate to a valid format.
00:11:31.714 [main] INFO  - Starting ProtocolHandler ["http-nio-8080"]
00:11:31.742 [main] INFO  - Tomcat started on port(s): 8080 (http) with context path ''
00:11:31.917 [main] INFO  - Tomcat initialized with port(s): 9090 (http)
00:11:31.918 [main] INFO  - Initializing ProtocolHandler ["http-nio-9090"]
00:11:31.919 [main] INFO  - Starting service [Tomcat]
00:11:31.919 [main] INFO  - Starting Servlet engine: [Apache Tomcat/10.1.10]
00:11:31.960 [main] INFO  - Initializing Spring embedded WebApplicationContext
00:11:31.960 [main] INFO  - Root WebApplicationContext: initialization completed in 212 ms
00:11:31.997 [main] INFO  - Exposing 3 endpoint(s) beneath base path '/actuator'
00:11:32.059 [main] INFO  - Starting ProtocolHandler ["http-nio-9090"]
00:11:32.061 [main] INFO  - Tomcat started on port(s): 9090 (http) with context path ''
00:11:32.084 [main] INFO  - Started Application in 17.954 seconds (process running for 21.219)
00:11:32.883 [RMI TCP Connection(3)-192.168.0.13] INFO  - Initializing Spring DispatcherServlet 'dispatcherServlet'
00:11:32.884 [RMI TCP Connection(3)-192.168.0.13] INFO  - Initializing Servlet 'dispatcherServlet'
00:11:32.887 [RMI TCP Connection(3)-192.168.0.13] INFO  - Completed initialization in 3 ms
