18:39:46.086 [background-preinit] INFO  - HV000001: Hibernate Validator 8.0.0.Final
18:39:46.504 [main] INFO  - Starting Application using Java 19.0.2 with PID 2696 (/Users/admin/Downloads/project-backend/build/classes/java/main started by admin in /Users/admin/Downloads/project-backend)
18:39:46.508 [main] INFO  - No active profile set, falling back to 1 default profile: "default"
18:39:48.594 [main] INFO  - Bootstrapping Spring Data Reactive Cassandra repositories in DEFAULT mode.
18:39:48.665 [main] INFO  - Finished Spring Data repository scanning in 53 ms. Found 0 Reactive Cassandra repository interfaces.
18:39:48.671 [main] INFO  - Bootstrapping Spring Data Cassandra repositories in DEFAULT mode.
18:39:48.699 [main] INFO  - Finished Spring Data repository scanning in 28 ms. Found 2 Cassandra repository interfaces.
18:39:49.586 [main] INFO  - Tomcat initialized with port(s): 8080 (http)
18:39:49.611 [main] INFO  - Initializing ProtocolHandler ["http-nio-8080"]
18:39:49.615 [main] INFO  - Starting service [Tomcat]
18:39:49.615 [main] INFO  - Starting Servlet engine: [Apache Tomcat/10.1.10]
18:39:49.735 [main] INFO  - Initializing Spring embedded WebApplicationContext
18:39:49.736 [main] INFO  - Root WebApplicationContext: initialization completed in 3043 ms
18:39:50.509 [main] INFO  - DataStax Java driver for Apache Cassandra(R) (com.datastax.oss:java-driver-core) version 4.15.0
18:39:51.245 [s0-admin-0] INFO  - Using native clock for microsecond precision
18:39:51.928 [s0-io-2] WARN  - [] /127.0.0.1:9042 did not send an authentication challenge; This is suspicious because the driver expects authentication
18:39:52.729 [s0-io-3] WARN  - [] /127.0.0.1:9042 did not send an authentication challenge; This is suspicious because the driver expects authentication
18:39:55.252 [main] WARN  - Exception encountered during context initialization - cancelling refresh attempt: org.springframework.beans.factory.UnsatisfiedDependencyException: Error creating bean with name 'productController': Unsatisfied dependency expressed through field 'productRepository': Error creating bean with name 'productRepository' defined in ru.cft.shift.intensive.template.repository.ProductRepository defined in @EnableCassandraRepositories declared on CassandraRepositoriesRegistrar.EnableCassandraRepositoriesConfiguration: Cannot resolve reference to bean 'cassandraTemplate' while setting bean property 'cassandraTemplate'
18:39:57.321 [main] INFO  - Stopping service [Tomcat]
18:39:57.368 [main] INFO  - 

Error starting ApplicationContext. To display the condition evaluation report re-run your application with 'debug' enabled.
18:39:57.404 [main] ERROR - Application run failed
org.springframework.beans.factory.UnsatisfiedDependencyException: Error creating bean with name 'productController': Unsatisfied dependency expressed through field 'productRepository': Error creating bean with name 'productRepository' defined in ru.cft.shift.intensive.template.repository.ProductRepository defined in @EnableCassandraRepositories declared on CassandraRepositoriesRegistrar.EnableCassandraRepositoriesConfiguration: Cannot resolve reference to bean 'cassandraTemplate' while setting bean property 'cassandraTemplate'
	at org.springframework.beans.factory.annotation.AutowiredAnnotationBeanPostProcessor$AutowiredFieldElement.resolveFieldValue(AutowiredAnnotationBeanPostProcessor.java:714)
	at org.springframework.beans.factory.annotation.AutowiredAnnotationBeanPostProcessor$AutowiredFieldElement.inject(AutowiredAnnotationBeanPostProcessor.java:694)
	at org.springframework.beans.factory.annotation.InjectionMetadata.inject(InjectionMetadata.java:145)
	at org.springframework.beans.factory.annotation.AutowiredAnnotationBeanPostProcessor.postProcessProperties(AutowiredAnnotationBeanPostProcessor.java:483)
	at org.springframework.beans.factory.support.AbstractAutowireCapableBeanFactory.populateBean(AbstractAutowireCapableBeanFactory.java:1416)
	at org.springframework.beans.factory.support.AbstractAutowireCapableBeanFactory.doCreateBean(AbstractAutowireCapableBeanFactory.java:597)
	at org.springframework.beans.factory.support.AbstractAutowireCapableBeanFactory.createBean(AbstractAutowireCapableBeanFactory.java:520)
	at org.springframework.beans.factory.support.AbstractBeanFactory.lambda$doGetBean$0(AbstractBeanFactory.java:326)
	at org.springframework.beans.factory.support.DefaultSingletonBeanRegistry.getSingleton(DefaultSingletonBeanRegistry.java:234)
	at org.springframework.beans.factory.support.AbstractBeanFactory.doGetBean(AbstractBeanFactory.java:324)
	at org.springframework.beans.factory.support.AbstractBeanFactory.getBean(AbstractBeanFactory.java:200)
	at org.springframework.beans.factory.support.DefaultListableBeanFactory.preInstantiateSingletons(DefaultListableBeanFactory.java:973)
	at org.springframework.context.support.AbstractApplicationContext.finishBeanFactoryInitialization(AbstractApplicationContext.java:941)
	at org.springframework.context.support.AbstractApplicationContext.refresh(AbstractApplicationContext.java:608)
	at org.springframework.boot.web.servlet.context.ServletWebServerApplicationContext.refresh(ServletWebServerApplicationContext.java:146)
	at org.springframework.boot.SpringApplication.refresh(SpringApplication.java:734)
	at org.springframework.boot.SpringApplication.refreshContext(SpringApplication.java:436)
	at org.springframework.boot.SpringApplication.run(SpringApplication.java:312)
	at org.springframework.boot.SpringApplication.run(SpringApplication.java:1306)
	at org.springframework.boot.SpringApplication.run(SpringApplication.java:1295)
	at ru.cft.shift.intensive.template.Application.main(Application.java:9)
Caused by: org.springframework.beans.factory.BeanCreationException: Error creating bean with name 'productRepository' defined in ru.cft.shift.intensive.template.repository.ProductRepository defined in @EnableCassandraRepositories declared on CassandraRepositoriesRegistrar.EnableCassandraRepositoriesConfiguration: Cannot resolve reference to bean 'cassandraTemplate' while setting bean property 'cassandraTemplate'
	at org.springframework.beans.factory.support.BeanDefinitionValueResolver.resolveReference(BeanDefinitionValueResolver.java:377)
	at org.springframework.beans.factory.support.BeanDefinitionValueResolver.resolveValueIfNecessary(BeanDefinitionValueResolver.java:135)
	at org.springframework.beans.factory.support.AbstractAutowireCapableBeanFactory.applyPropertyValues(AbstractAutowireCapableBeanFactory.java:1682)
	at org.springframework.beans.factory.support.AbstractAutowireCapableBeanFactory.populateBean(AbstractAutowireCapableBeanFactory.java:1431)
	at org.springframework.beans.factory.support.AbstractAutowireCapableBeanFactory.doCreateBean(AbstractAutowireCapableBeanFactory.java:597)
	at org.springframework.beans.factory.support.AbstractAutowireCapableBeanFactory.createBean(AbstractAutowireCapableBeanFactory.java:520)
	at org.springframework.beans.factory.support.AbstractBeanFactory.lambda$doGetBean$0(AbstractBeanFactory.java:326)
	at org.springframework.beans.factory.support.DefaultSingletonBeanRegistry.getSingleton(DefaultSingletonBeanRegistry.java:234)
	at org.springframework.beans.factory.support.AbstractBeanFactory.doGetBean(AbstractBeanFactory.java:324)
	at org.springframework.beans.factory.support.AbstractBeanFactory.getBean(AbstractBeanFactory.java:200)
	at org.springframework.beans.factory.config.DependencyDescriptor.resolveCandidate(DependencyDescriptor.java:254)
	at org.springframework.beans.factory.support.DefaultListableBeanFactory.doResolveDependency(DefaultListableBeanFactory.java:1417)
	at org.springframework.beans.factory.support.DefaultListableBeanFactory.resolveDependency(DefaultListableBeanFactory.java:1337)
	at org.springframework.beans.factory.annotation.AutowiredAnnotationBeanPostProcessor$AutowiredFieldElement.resolveFieldValue(AutowiredAnnotationBeanPostProcessor.java:711)
	... 20 common frames omitted
Caused by: org.springframework.beans.factory.UnsatisfiedDependencyException: Error creating bean with name 'cassandraTemplate' defined in class path resource [org/springframework/boot/autoconfigure/data/cassandra/CassandraDataAutoConfiguration.class]: Unsatisfied dependency expressed through method 'cassandraTemplate' parameter 0: Error creating bean with name 'cassandraSessionFactory' defined in class path resource [org/springframework/boot/autoconfigure/data/cassandra/CassandraDataAutoConfiguration.class]: Query; CQL [CREATE TABLE IF NOT EXISTS products_food (category_id bigint, id text, PRIMARY KEY (category_id));]; Query timed out after PT2S
	at org.springframework.beans.factory.support.ConstructorResolver.createArgumentArray(ConstructorResolver.java:800)
	at org.springframework.beans.factory.support.ConstructorResolver.instantiateUsingFactoryMethod(ConstructorResolver.java:550)
	at org.springframework.beans.factory.support.AbstractAutowireCapableBeanFactory.instantiateUsingFactoryMethod(AbstractAutowireCapableBeanFactory.java:1332)
	at org.springframework.beans.factory.support.AbstractAutowireCapableBeanFactory.createBeanInstance(AbstractAutowireCapableBeanFactory.java:1162)
	at org.springframework.beans.factory.support.AbstractAutowireCapableBeanFactory.doCreateBean(AbstractAutowireCapableBeanFactory.java:560)
	at org.springframework.beans.factory.support.AbstractAutowireCapableBeanFactory.createBean(AbstractAutowireCapableBeanFactory.java:520)
	at org.springframework.beans.factory.support.AbstractBeanFactory.lambda$doGetBean$0(AbstractBeanFactory.java:326)
	at org.springframework.beans.factory.support.DefaultSingletonBeanRegistry.getSingleton(DefaultSingletonBeanRegistry.java:234)
	at org.springframework.beans.factory.support.AbstractBeanFactory.doGetBean(AbstractBeanFactory.java:324)
	at org.springframework.beans.factory.support.AbstractBeanFactory.getBean(AbstractBeanFactory.java:200)
	at org.springframework.beans.factory.support.BeanDefinitionValueResolver.resolveReference(BeanDefinitionValueResolver.java:365)
	... 33 common frames omitted
Caused by: org.springframework.beans.factory.BeanCreationException: Error creating bean with name 'cassandraSessionFactory' defined in class path resource [org/springframework/boot/autoconfigure/data/cassandra/CassandraDataAutoConfiguration.class]: Query; CQL [CREATE TABLE IF NOT EXISTS products_food (category_id bigint, id text, PRIMARY KEY (category_id));]; Query timed out after PT2S
	at org.springframework.beans.factory.support.AbstractAutowireCapableBeanFactory.initializeBean(AbstractAutowireCapableBeanFactory.java:1770)
	at org.springframework.beans.factory.support.AbstractAutowireCapableBeanFactory.doCreateBean(AbstractAutowireCapableBeanFactory.java:598)
	at org.springframework.beans.factory.support.AbstractAutowireCapableBeanFactory.createBean(AbstractAutowireCapableBeanFactory.java:520)
	at org.springframework.beans.factory.support.AbstractBeanFactory.lambda$doGetBean$0(AbstractBeanFactory.java:326)
	at org.springframework.beans.factory.support.DefaultSingletonBeanRegistry.getSingleton(DefaultSingletonBeanRegistry.java:234)
	at org.springframework.beans.factory.support.AbstractBeanFactory.doGetBean(AbstractBeanFactory.java:324)
	at org.springframework.beans.factory.support.AbstractBeanFactory.getBean(AbstractBeanFactory.java:200)
	at org.springframework.beans.factory.config.DependencyDescriptor.resolveCandidate(DependencyDescriptor.java:254)
	at org.springframework.beans.factory.support.DefaultListableBeanFactory.doResolveDependency(DefaultListableBeanFactory.java:1417)
	at org.springframework.beans.factory.support.DefaultListableBeanFactory.resolveDependency(DefaultListableBeanFactory.java:1337)
	at org.springframework.beans.factory.support.ConstructorResolver.resolveAutowiredArgument(ConstructorResolver.java:888)
	at org.springframework.beans.factory.support.ConstructorResolver.createArgumentArray(ConstructorResolver.java:791)
	... 43 common frames omitted
Caused by: org.springframework.data.cassandra.CassandraUncategorizedException: Query; CQL [CREATE TABLE IF NOT EXISTS products_food (category_id bigint, id text, PRIMARY KEY (category_id));]; Query timed out after PT2S
	at org.springframework.data.cassandra.core.cql.CassandraExceptionTranslator.translate(CassandraExceptionTranslator.java:179)
	at org.springframework.data.cassandra.core.cql.CassandraAccessor.translate(CassandraAccessor.java:421)
	at org.springframework.data.cassandra.core.cql.CqlTemplate.translateException(CqlTemplate.java:551)
	at org.springframework.data.cassandra.core.cql.CqlTemplate.query(CqlTemplate.java:166)
	at org.springframework.data.cassandra.core.cql.CqlTemplate.queryForResultSet(CqlTemplate.java:211)
	at org.springframework.data.cassandra.core.cql.CqlTemplate.execute(CqlTemplate.java:145)
	at org.springframework.data.cassandra.core.CassandraPersistentEntitySchemaCreator.lambda$createTables$0(CassandraPersistentEntitySchemaCreator.java:100)
	at java.base/java.util.stream.ForEachOps$ForEachOp$OfRef.accept(ForEachOps.java:183)
	at java.base/java.util.stream.ReferencePipeline$3$1.accept(ReferencePipeline.java:197)
	at java.base/java.util.ArrayList$ArrayListSpliterator.forEachRemaining(ArrayList.java:1625)
	at java.base/java.util.stream.AbstractPipeline.copyInto(AbstractPipeline.java:509)
	at java.base/java.util.stream.AbstractPipeline.wrapAndCopyInto(AbstractPipeline.java:499)
	at java.base/java.util.stream.ForEachOps$ForEachOp.evaluateSequential(ForEachOps.java:150)
	at java.base/java.util.stream.ForEachOps$ForEachOp$OfRef.evaluateSequential(ForEachOps.java:173)
	at java.base/java.util.stream.AbstractPipeline.evaluate(AbstractPipeline.java:234)
	at java.base/java.util.stream.ReferencePipeline.forEach(ReferencePipeline.java:596)
	at org.springframework.data.cassandra.core.CassandraPersistentEntitySchemaCreator.createTables(CassandraPersistentEntitySchemaCreator.java:100)
	at org.springframework.data.cassandra.config.SessionFactoryFactoryBean.performSchemaActions(SessionFactoryFactoryBean.java:251)
	at org.springframework.data.cassandra.config.SessionFactoryFactoryBean.createTables(SessionFactoryFactoryBean.java:230)
	at org.springframework.data.cassandra.config.SessionFactoryFactoryBean.performSchemaAction(SessionFactoryFactoryBean.java:216)
	at org.springframework.data.cassandra.config.SessionFactoryFactoryBean.lambda$afterPropertiesSet$0(SessionFactoryFactoryBean.java:153)
	at org.springframework.data.cassandra.config.SchemaUtils.withAsyncSchemaRefresh(SchemaUtils.java:96)
	at org.springframework.data.cassandra.config.SchemaUtils.withSchemaRefresh(SchemaUtils.java:84)
	at org.springframework.data.cassandra.config.SessionFactoryFactoryBean.afterPropertiesSet(SessionFactoryFactoryBean.java:159)
	at org.springframework.beans.factory.support.AbstractAutowireCapableBeanFactory.invokeInitMethods(AbstractAutowireCapableBeanFactory.java:1816)
	at org.springframework.beans.factory.support.AbstractAutowireCapableBeanFactory.initializeBean(AbstractAutowireCapableBeanFactory.java:1766)
	... 54 common frames omitted
Caused by: com.datastax.oss.driver.api.core.DriverTimeoutException: Query timed out after PT2S
	at com.datastax.oss.driver.api.core.DriverTimeoutException.copy(DriverTimeoutException.java:34)
	at com.datastax.oss.driver.internal.core.util.concurrent.CompletableFutures.getUninterruptibly(CompletableFutures.java:149)
	at com.datastax.oss.driver.internal.core.cql.CqlRequestSyncProcessor.process(CqlRequestSyncProcessor.java:53)
	at com.datastax.oss.driver.internal.core.cql.CqlRequestSyncProcessor.process(CqlRequestSyncProcessor.java:30)
	at com.datastax.oss.driver.internal.core.session.DefaultSession.execute(DefaultSession.java:230)
	at com.datastax.oss.driver.api.core.cql.SyncCqlSession.execute(SyncCqlSession.java:54)
	at org.springframework.data.cassandra.core.cql.CqlTemplate.query(CqlTemplate.java:162)
	... 76 common frames omitted
18:47:45.420 [background-preinit] INFO  - HV000001: Hibernate Validator 8.0.0.Final
18:47:45.748 [main] INFO  - Starting Application using Java 19.0.2 with PID 2758 (/Users/admin/Downloads/project-backend/build/classes/java/main started by admin in /Users/admin/Downloads/project-backend)
18:47:45.750 [main] INFO  - No active profile set, falling back to 1 default profile: "default"
18:47:49.174 [main] INFO  - Bootstrapping Spring Data Reactive Cassandra repositories in DEFAULT mode.
18:47:49.308 [main] INFO  - Finished Spring Data repository scanning in 111 ms. Found 0 Reactive Cassandra repository interfaces.
18:47:49.321 [main] INFO  - Bootstrapping Spring Data Cassandra repositories in DEFAULT mode.
18:47:49.358 [main] INFO  - Finished Spring Data repository scanning in 37 ms. Found 1 Cassandra repository interfaces.
18:47:50.696 [main] INFO  - Tomcat initialized with port(s): 8080 (http)
18:47:50.724 [main] INFO  - Initializing ProtocolHandler ["http-nio-8080"]
18:47:50.734 [main] INFO  - Starting service [Tomcat]
18:47:50.735 [main] INFO  - Starting Servlet engine: [Apache Tomcat/10.1.10]
18:47:51.144 [main] INFO  - Initializing Spring embedded WebApplicationContext
18:47:51.148 [main] INFO  - Root WebApplicationContext: initialization completed in 5207 ms
18:47:52.989 [main] INFO  - DataStax Java driver for Apache Cassandra(R) (com.datastax.oss:java-driver-core) version 4.15.0
18:47:54.729 [s0-admin-0] INFO  - Using native clock for microsecond precision
18:47:55.594 [s0-io-2] WARN  - [] /127.0.0.1:9042 did not send an authentication challenge; This is suspicious because the driver expects authentication
18:47:56.097 [s0-io-3] WARN  - [] /127.0.0.1:9042 did not send an authentication challenge; This is suspicious because the driver expects authentication
18:47:58.059 [main] WARN  - 

Using generated security password: 2fd59922-2549-4861-ad77-d3f6acce4e5a

This generated password is for development use only. Your security configuration must be updated before running your application in production.

18:47:58.585 [main] INFO  - Will secure any request with [org.springframework.security.web.session.DisableEncodeUrlFilter@1e7d3d87, org.springframework.security.web.context.request.async.WebAsyncManagerIntegrationFilter@1dd76982, org.springframework.security.web.context.SecurityContextHolderFilter@620572db, org.springframework.security.web.header.HeaderWriterFilter@1a4cbcc6, org.springframework.web.filter.CorsFilter@7e76a66f, org.springframework.security.web.authentication.logout.LogoutFilter@58583a2d, org.springframework.security.web.savedrequest.RequestCacheAwareFilter@47d9c01, org.springframework.security.web.servletapi.SecurityContextHolderAwareRequestFilter@6d7e2795, org.springframework.security.web.authentication.AnonymousAuthenticationFilter@72237be8, org.springframework.security.web.access.ExceptionTranslationFilter@a240452, org.springframework.security.web.access.intercept.AuthorizationFilter@56a09a5c]
18:47:59.657 [main] WARN  - Endpoint ID 'swagger-ui' contains invalid characters, please migrate to a valid format.
18:48:00.312 [main] INFO  - Starting ProtocolHandler ["http-nio-8080"]
18:48:00.351 [main] INFO  - Tomcat started on port(s): 8080 (http) with context path ''
18:48:00.504 [main] INFO  - Tomcat initialized with port(s): 9090 (http)
18:48:00.505 [main] INFO  - Initializing ProtocolHandler ["http-nio-9090"]
18:48:00.506 [main] INFO  - Starting service [Tomcat]
18:48:00.506 [main] INFO  - Starting Servlet engine: [Apache Tomcat/10.1.10]
18:48:00.664 [main] INFO  - Initializing Spring embedded WebApplicationContext
18:48:00.664 [main] INFO  - Root WebApplicationContext: initialization completed in 306 ms
18:48:00.691 [main] INFO  - Exposing 3 endpoint(s) beneath base path '/actuator'
18:48:00.743 [main] INFO  - Starting ProtocolHandler ["http-nio-9090"]
18:48:00.747 [main] INFO  - Tomcat started on port(s): 9090 (http) with context path ''
18:48:00.778 [main] INFO  - Started Application in 16.934 seconds (process running for 19.093)
23:11:36.722 [background-preinit] INFO  - HV000001: Hibernate Validator 8.0.0.Final
23:11:36.990 [main] INFO  - Starting Application using Java 19.0.2 with PID 3515 (/Users/admin/Desktop/spring-hotel/build/classes/java/main started by admin in /Users/admin/Desktop/spring-hotel)
23:11:36.992 [main] INFO  - No active profile set, falling back to 1 default profile: "default"
23:11:41.356 [main] INFO  - Bootstrapping Spring Data Reactive Cassandra repositories in DEFAULT mode.
23:11:41.501 [main] INFO  - Finished Spring Data repository scanning in 120 ms. Found 0 Reactive Cassandra repository interfaces.
23:11:41.513 [main] INFO  - Bootstrapping Spring Data Cassandra repositories in DEFAULT mode.
23:11:41.564 [main] INFO  - Finished Spring Data repository scanning in 50 ms. Found 1 Cassandra repository interfaces.
23:11:43.328 [main] INFO  - Tomcat initialized with port(s): 8080 (http)
23:11:43.360 [main] INFO  - Initializing ProtocolHandler ["http-nio-8080"]
23:11:43.368 [main] INFO  - Starting service [Tomcat]
23:11:43.368 [main] INFO  - Starting Servlet engine: [Apache Tomcat/10.1.10]
23:11:43.680 [main] INFO  - Initializing Spring embedded WebApplicationContext
23:11:43.680 [main] INFO  - Root WebApplicationContext: initialization completed in 6513 ms
23:11:45.666 [main] INFO  - DataStax Java driver for Apache Cassandra(R) (com.datastax.oss:java-driver-core) version 4.15.0
23:11:47.558 [s0-admin-0] INFO  - Using native clock for microsecond precision
23:11:48.419 [s0-io-2] WARN  - [] /127.0.0.1:9042 did not send an authentication challenge; This is suspicious because the driver expects authentication
23:11:48.938 [s0-io-3] WARN  - [] /127.0.0.1:9042 did not send an authentication challenge; This is suspicious because the driver expects authentication
23:11:50.974 [main] WARN  - 

Using generated security password: c0747987-d370-4c9a-aa4e-bef828cbe60a

This generated password is for development use only. Your security configuration must be updated before running your application in production.

23:11:51.508 [main] INFO  - Will secure any request with [org.springframework.security.web.session.DisableEncodeUrlFilter@49f2646, org.springframework.security.web.context.request.async.WebAsyncManagerIntegrationFilter@4b00d59, org.springframework.security.web.context.SecurityContextHolderFilter@28e91f6d, org.springframework.security.web.header.HeaderWriterFilter@6f9a3325, org.springframework.web.filter.CorsFilter@7c048b30, org.springframework.security.web.authentication.logout.LogoutFilter@6ef4297d, org.springframework.security.web.savedrequest.RequestCacheAwareFilter@11e24688, org.springframework.security.web.servletapi.SecurityContextHolderAwareRequestFilter@3684d2c0, org.springframework.security.web.authentication.AnonymousAuthenticationFilter@309cf657, org.springframework.security.web.access.ExceptionTranslationFilter@464a3430, org.springframework.security.web.access.intercept.AuthorizationFilter@6d7e2795]
23:11:52.755 [main] WARN  - Endpoint ID 'swagger-ui' contains invalid characters, please migrate to a valid format.
23:11:53.324 [main] INFO  - Starting ProtocolHandler ["http-nio-8080"]
23:11:53.354 [main] INFO  - Tomcat started on port(s): 8080 (http) with context path ''
23:11:53.569 [main] INFO  - Tomcat initialized with port(s): 9090 (http)
23:11:53.571 [main] INFO  - Initializing ProtocolHandler ["http-nio-9090"]
23:11:53.573 [main] INFO  - Starting service [Tomcat]
23:11:53.573 [main] INFO  - Starting Servlet engine: [Apache Tomcat/10.1.10]
23:11:53.621 [main] INFO  - Initializing Spring embedded WebApplicationContext
23:11:53.621 [main] INFO  - Root WebApplicationContext: initialization completed in 258 ms
23:11:53.645 [main] INFO  - Exposing 3 endpoint(s) beneath base path '/actuator'
23:11:53.714 [main] INFO  - Starting ProtocolHandler ["http-nio-9090"]
23:11:53.717 [main] INFO  - Tomcat started on port(s): 9090 (http) with context path ''
23:11:53.742 [main] INFO  - Started Application in 19.012 seconds (process running for 21.994)
23:11:54.863 [RMI TCP Connection(5)-192.168.0.13] INFO  - Initializing Spring DispatcherServlet 'dispatcherServlet'
23:11:54.863 [RMI TCP Connection(5)-192.168.0.13] INFO  - Initializing Servlet 'dispatcherServlet'
23:11:54.865 [RMI TCP Connection(5)-192.168.0.13] INFO  - Completed initialization in 2 ms
23:35:53.518 [background-preinit] INFO  - HV000001: Hibernate Validator 8.0.0.Final
23:35:53.876 [main] INFO  - Starting Application using Java 19.0.2 with PID 3829 (/Users/admin/Desktop/spring-hotel/build/classes/java/main started by admin in /Users/admin/Desktop/spring-hotel)
23:35:53.878 [main] INFO  - No active profile set, falling back to 1 default profile: "default"
23:35:58.347 [main] INFO  - Bootstrapping Spring Data Reactive Cassandra repositories in DEFAULT mode.
23:35:58.496 [main] INFO  - Finished Spring Data repository scanning in 120 ms. Found 0 Reactive Cassandra repository interfaces.
23:35:58.507 [main] INFO  - Bootstrapping Spring Data Cassandra repositories in DEFAULT mode.
23:35:58.550 [main] INFO  - Finished Spring Data repository scanning in 43 ms. Found 1 Cassandra repository interfaces.
23:36:00.372 [main] INFO  - Tomcat initialized with port(s): 8080 (http)
23:36:00.404 [main] INFO  - Initializing ProtocolHandler ["http-nio-8080"]
23:36:00.410 [main] INFO  - Starting service [Tomcat]
23:36:00.411 [main] INFO  - Starting Servlet engine: [Apache Tomcat/10.1.10]
23:36:00.786 [main] INFO  - Initializing Spring embedded WebApplicationContext
23:36:00.793 [main] INFO  - Root WebApplicationContext: initialization completed in 6725 ms
23:36:02.717 [main] INFO  - DataStax Java driver for Apache Cassandra(R) (com.datastax.oss:java-driver-core) version 4.15.0
23:36:04.621 [s0-admin-0] INFO  - Using native clock for microsecond precision
23:36:05.685 [s0-io-2] WARN  - [] /127.0.0.1:9042 did not send an authentication challenge; This is suspicious because the driver expects authentication
23:36:06.555 [s0-io-3] WARN  - [] /127.0.0.1:9042 did not send an authentication challenge; This is suspicious because the driver expects authentication
23:36:08.668 [main] WARN  - Exception encountered during context initialization - cancelling refresh attempt: org.springframework.beans.factory.UnsatisfiedDependencyException: Error creating bean with name 'userController' defined in file [/Users/admin/Desktop/spring-hotel/build/classes/java/main/ru/cft/shift/intensive/template/controller/UserController.class]: Unsatisfied dependency expressed through constructor parameter 0: Error creating bean with name 'usersServiceImpl' defined in file [/Users/admin/Desktop/spring-hotel/build/classes/java/main/ru/cft/shift/intensive/template/service/impl/UsersServiceImpl.class]: Unsatisfied dependency expressed through constructor parameter 0: Error creating bean with name 'usersRepository' defined in ru.cft.shift.intensive.template.repository.UsersRepository defined in @EnableCassandraRepositories declared on CassandraRepositoriesRegistrar.EnableCassandraRepositoriesConfiguration: Cannot resolve reference to bean 'cassandraTemplate' while setting bean property 'cassandraTemplate'
23:36:08.677 [main] INFO  - Stopping service [Tomcat]
23:36:08.714 [main] INFO  - 

Error starting ApplicationContext. To display the condition evaluation report re-run your application with 'debug' enabled.
23:36:08.823 [main] ERROR - Application run failed
org.springframework.beans.factory.UnsatisfiedDependencyException: Error creating bean with name 'userController' defined in file [/Users/admin/Desktop/spring-hotel/build/classes/java/main/ru/cft/shift/intensive/template/controller/UserController.class]: Unsatisfied dependency expressed through constructor parameter 0: Error creating bean with name 'usersServiceImpl' defined in file [/Users/admin/Desktop/spring-hotel/build/classes/java/main/ru/cft/shift/intensive/template/service/impl/UsersServiceImpl.class]: Unsatisfied dependency expressed through constructor parameter 0: Error creating bean with name 'usersRepository' defined in ru.cft.shift.intensive.template.repository.UsersRepository defined in @EnableCassandraRepositories declared on CassandraRepositoriesRegistrar.EnableCassandraRepositoriesConfiguration: Cannot resolve reference to bean 'cassandraTemplate' while setting bean property 'cassandraTemplate'
	at org.springframework.beans.factory.support.ConstructorResolver.createArgumentArray(ConstructorResolver.java:800)
	at org.springframework.beans.factory.support.ConstructorResolver.autowireConstructor(ConstructorResolver.java:245)
	at org.springframework.beans.factory.support.AbstractAutowireCapableBeanFactory.autowireConstructor(AbstractAutowireCapableBeanFactory.java:1352)
	at org.springframework.beans.factory.support.AbstractAutowireCapableBeanFactory.createBeanInstance(AbstractAutowireCapableBeanFactory.java:1189)
	at org.springframework.beans.factory.support.AbstractAutowireCapableBeanFactory.doCreateBean(AbstractAutowireCapableBeanFactory.java:560)
	at org.springframework.beans.factory.support.AbstractAutowireCapableBeanFactory.createBean(AbstractAutowireCapableBeanFactory.java:520)
	at org.springframework.beans.factory.support.AbstractBeanFactory.lambda$doGetBean$0(AbstractBeanFactory.java:326)
	at org.springframework.beans.factory.support.DefaultSingletonBeanRegistry.getSingleton(DefaultSingletonBeanRegistry.java:234)
	at org.springframework.beans.factory.support.AbstractBeanFactory.doGetBean(AbstractBeanFactory.java:324)
	at org.springframework.beans.factory.support.AbstractBeanFactory.getBean(AbstractBeanFactory.java:200)
	at org.springframework.beans.factory.support.DefaultListableBeanFactory.preInstantiateSingletons(DefaultListableBeanFactory.java:973)
	at org.springframework.context.support.AbstractApplicationContext.finishBeanFactoryInitialization(AbstractApplicationContext.java:941)
	at org.springframework.context.support.AbstractApplicationContext.refresh(AbstractApplicationContext.java:608)
	at org.springframework.boot.web.servlet.context.ServletWebServerApplicationContext.refresh(ServletWebServerApplicationContext.java:146)
	at org.springframework.boot.SpringApplication.refresh(SpringApplication.java:734)
	at org.springframework.boot.SpringApplication.refreshContext(SpringApplication.java:436)
	at org.springframework.boot.SpringApplication.run(SpringApplication.java:312)
	at org.springframework.boot.SpringApplication.run(SpringApplication.java:1306)
	at org.springframework.boot.SpringApplication.run(SpringApplication.java:1295)
	at ru.cft.shift.intensive.template.Application.main(Application.java:9)
Caused by: org.springframework.beans.factory.UnsatisfiedDependencyException: Error creating bean with name 'usersServiceImpl' defined in file [/Users/admin/Desktop/spring-hotel/build/classes/java/main/ru/cft/shift/intensive/template/service/impl/UsersServiceImpl.class]: Unsatisfied dependency expressed through constructor parameter 0: Error creating bean with name 'usersRepository' defined in ru.cft.shift.intensive.template.repository.UsersRepository defined in @EnableCassandraRepositories declared on CassandraRepositoriesRegistrar.EnableCassandraRepositoriesConfiguration: Cannot resolve reference to bean 'cassandraTemplate' while setting bean property 'cassandraTemplate'
	at org.springframework.beans.factory.support.ConstructorResolver.createArgumentArray(ConstructorResolver.java:800)
	at org.springframework.beans.factory.support.ConstructorResolver.autowireConstructor(ConstructorResolver.java:245)
	at org.springframework.beans.factory.support.AbstractAutowireCapableBeanFactory.autowireConstructor(AbstractAutowireCapableBeanFactory.java:1352)
	at org.springframework.beans.factory.support.AbstractAutowireCapableBeanFactory.createBeanInstance(AbstractAutowireCapableBeanFactory.java:1189)
	at org.springframework.beans.factory.support.AbstractAutowireCapableBeanFactory.doCreateBean(AbstractAutowireCapableBeanFactory.java:560)
	at org.springframework.beans.factory.support.AbstractAutowireCapableBeanFactory.createBean(AbstractAutowireCapableBeanFactory.java:520)
	at org.springframework.beans.factory.support.AbstractBeanFactory.lambda$doGetBean$0(AbstractBeanFactory.java:326)
	at org.springframework.beans.factory.support.DefaultSingletonBeanRegistry.getSingleton(DefaultSingletonBeanRegistry.java:234)
	at org.springframework.beans.factory.support.AbstractBeanFactory.doGetBean(AbstractBeanFactory.java:324)
	at org.springframework.beans.factory.support.AbstractBeanFactory.getBean(AbstractBeanFactory.java:200)
	at org.springframework.beans.factory.config.DependencyDescriptor.resolveCandidate(DependencyDescriptor.java:254)
	at org.springframework.beans.factory.support.DefaultListableBeanFactory.doResolveDependency(DefaultListableBeanFactory.java:1417)
	at org.springframework.beans.factory.support.DefaultListableBeanFactory.resolveDependency(DefaultListableBeanFactory.java:1337)
	at org.springframework.beans.factory.support.ConstructorResolver.resolveAutowiredArgument(ConstructorResolver.java:888)
	at org.springframework.beans.factory.support.ConstructorResolver.createArgumentArray(ConstructorResolver.java:791)
	... 19 common frames omitted
Caused by: org.springframework.beans.factory.BeanCreationException: Error creating bean with name 'usersRepository' defined in ru.cft.shift.intensive.template.repository.UsersRepository defined in @EnableCassandraRepositories declared on CassandraRepositoriesRegistrar.EnableCassandraRepositoriesConfiguration: Cannot resolve reference to bean 'cassandraTemplate' while setting bean property 'cassandraTemplate'
	at org.springframework.beans.factory.support.BeanDefinitionValueResolver.resolveReference(BeanDefinitionValueResolver.java:377)
	at org.springframework.beans.factory.support.BeanDefinitionValueResolver.resolveValueIfNecessary(BeanDefinitionValueResolver.java:135)
	at org.springframework.beans.factory.support.AbstractAutowireCapableBeanFactory.applyPropertyValues(AbstractAutowireCapableBeanFactory.java:1682)
	at org.springframework.beans.factory.support.AbstractAutowireCapableBeanFactory.populateBean(AbstractAutowireCapableBeanFactory.java:1431)
	at org.springframework.beans.factory.support.AbstractAutowireCapableBeanFactory.doCreateBean(AbstractAutowireCapableBeanFactory.java:597)
	at org.springframework.beans.factory.support.AbstractAutowireCapableBeanFactory.createBean(AbstractAutowireCapableBeanFactory.java:520)
	at org.springframework.beans.factory.support.AbstractBeanFactory.lambda$doGetBean$0(AbstractBeanFactory.java:326)
	at org.springframework.beans.factory.support.DefaultSingletonBeanRegistry.getSingleton(DefaultSingletonBeanRegistry.java:234)
	at org.springframework.beans.factory.support.AbstractBeanFactory.doGetBean(AbstractBeanFactory.java:324)
	at org.springframework.beans.factory.support.AbstractBeanFactory.getBean(AbstractBeanFactory.java:200)
	at org.springframework.beans.factory.config.DependencyDescriptor.resolveCandidate(DependencyDescriptor.java:254)
	at org.springframework.beans.factory.support.DefaultListableBeanFactory.doResolveDependency(DefaultListableBeanFactory.java:1417)
	at org.springframework.beans.factory.support.DefaultListableBeanFactory.resolveDependency(DefaultListableBeanFactory.java:1337)
	at org.springframework.beans.factory.support.ConstructorResolver.resolveAutowiredArgument(ConstructorResolver.java:888)
	at org.springframework.beans.factory.support.ConstructorResolver.createArgumentArray(ConstructorResolver.java:791)
	... 33 common frames omitted
Caused by: org.springframework.beans.factory.UnsatisfiedDependencyException: Error creating bean with name 'org.springframework.boot.autoconfigure.data.cassandra.CassandraDataAutoConfiguration': Unsatisfied dependency expressed through constructor parameter 0: Error creating bean with name 'cassandraSession' defined in class path resource [org/springframework/boot/autoconfigure/cassandra/CassandraAutoConfiguration.class]: Failed to instantiate [com.datastax.oss.driver.api.core.CqlSession]: Factory method 'cassandraSession' threw exception with message: Invalid keyspace hotel
	at org.springframework.beans.factory.support.ConstructorResolver.createArgumentArray(ConstructorResolver.java:800)
	at org.springframework.beans.factory.support.ConstructorResolver.autowireConstructor(ConstructorResolver.java:245)
	at org.springframework.beans.factory.support.AbstractAutowireCapableBeanFactory.autowireConstructor(AbstractAutowireCapableBeanFactory.java:1352)
	at org.springframework.beans.factory.support.AbstractAutowireCapableBeanFactory.createBeanInstance(AbstractAutowireCapableBeanFactory.java:1189)
	at org.springframework.beans.factory.support.AbstractAutowireCapableBeanFactory.doCreateBean(AbstractAutowireCapableBeanFactory.java:560)
	at org.springframework.beans.factory.support.AbstractAutowireCapableBeanFactory.createBean(AbstractAutowireCapableBeanFactory.java:520)
	at org.springframework.beans.factory.support.AbstractBeanFactory.lambda$doGetBean$0(AbstractBeanFactory.java:326)
	at org.springframework.beans.factory.support.DefaultSingletonBeanRegistry.getSingleton(DefaultSingletonBeanRegistry.java:234)
	at org.springframework.beans.factory.support.AbstractBeanFactory.doGetBean(AbstractBeanFactory.java:324)
	at org.springframework.beans.factory.support.AbstractBeanFactory.getBean(AbstractBeanFactory.java:200)
	at org.springframework.beans.factory.support.ConstructorResolver.instantiateUsingFactoryMethod(ConstructorResolver.java:417)
	at org.springframework.beans.factory.support.AbstractAutowireCapableBeanFactory.instantiateUsingFactoryMethod(AbstractAutowireCapableBeanFactory.java:1332)
	at org.springframework.beans.factory.support.AbstractAutowireCapableBeanFactory.createBeanInstance(AbstractAutowireCapableBeanFactory.java:1162)
	at org.springframework.beans.factory.support.AbstractAutowireCapableBeanFactory.doCreateBean(AbstractAutowireCapableBeanFactory.java:560)
	at org.springframework.beans.factory.support.AbstractAutowireCapableBeanFactory.createBean(AbstractAutowireCapableBeanFactory.java:520)
	at org.springframework.beans.factory.support.AbstractBeanFactory.lambda$doGetBean$0(AbstractBeanFactory.java:326)
	at org.springframework.beans.factory.support.DefaultSingletonBeanRegistry.getSingleton(DefaultSingletonBeanRegistry.java:234)
	at org.springframework.beans.factory.support.AbstractBeanFactory.doGetBean(AbstractBeanFactory.java:324)
	at org.springframework.beans.factory.support.AbstractBeanFactory.getBean(AbstractBeanFactory.java:200)
	at org.springframework.beans.factory.support.BeanDefinitionValueResolver.resolveReference(BeanDefinitionValueResolver.java:365)
	... 47 common frames omitted
Caused by: org.springframework.beans.factory.BeanCreationException: Error creating bean with name 'cassandraSession' defined in class path resource [org/springframework/boot/autoconfigure/cassandra/CassandraAutoConfiguration.class]: Failed to instantiate [com.datastax.oss.driver.api.core.CqlSession]: Factory method 'cassandraSession' threw exception with message: Invalid keyspace hotel
	at org.springframework.beans.factory.support.ConstructorResolver.instantiate(ConstructorResolver.java:659)
	at org.springframework.beans.factory.support.ConstructorResolver.instantiateUsingFactoryMethod(ConstructorResolver.java:647)
	at org.springframework.beans.factory.support.AbstractAutowireCapableBeanFactory.instantiateUsingFactoryMethod(AbstractAutowireCapableBeanFactory.java:1332)
	at org.springframework.beans.factory.support.AbstractAutowireCapableBeanFactory.createBeanInstance(AbstractAutowireCapableBeanFactory.java:1162)
	at org.springframework.beans.factory.support.AbstractAutowireCapableBeanFactory.doCreateBean(AbstractAutowireCapableBeanFactory.java:560)
	at org.springframework.beans.factory.support.AbstractAutowireCapableBeanFactory.createBean(AbstractAutowireCapableBeanFactory.java:520)
	at org.springframework.beans.factory.support.AbstractBeanFactory.lambda$doGetBean$0(AbstractBeanFactory.java:326)
	at org.springframework.beans.factory.support.DefaultSingletonBeanRegistry.getSingleton(DefaultSingletonBeanRegistry.java:234)
	at org.springframework.beans.factory.support.AbstractBeanFactory.doGetBean(AbstractBeanFactory.java:324)
	at org.springframework.beans.factory.support.AbstractBeanFactory.getBean(AbstractBeanFactory.java:200)
	at org.springframework.beans.factory.config.DependencyDescriptor.resolveCandidate(DependencyDescriptor.java:254)
	at org.springframework.beans.factory.support.DefaultListableBeanFactory.doResolveDependency(DefaultListableBeanFactory.java:1417)
	at org.springframework.beans.factory.support.DefaultListableBeanFactory.resolveDependency(DefaultListableBeanFactory.java:1337)
	at org.springframework.beans.factory.support.ConstructorResolver.resolveAutowiredArgument(ConstructorResolver.java:888)
	at org.springframework.beans.factory.support.ConstructorResolver.createArgumentArray(ConstructorResolver.java:791)
	... 66 common frames omitted
Caused by: org.springframework.beans.BeanInstantiationException: Failed to instantiate [com.datastax.oss.driver.api.core.CqlSession]: Factory method 'cassandraSession' threw exception with message: Invalid keyspace hotel
	at org.springframework.beans.factory.support.SimpleInstantiationStrategy.instantiate(SimpleInstantiationStrategy.java:171)
	at org.springframework.beans.factory.support.ConstructorResolver.instantiate(ConstructorResolver.java:655)
	... 80 common frames omitted
Caused by: com.datastax.oss.driver.api.core.InvalidKeyspaceException: Invalid keyspace hotel
	at com.datastax.oss.driver.api.core.InvalidKeyspaceException.copy(InvalidKeyspaceException.java:34)
	at com.datastax.oss.driver.internal.core.util.concurrent.CompletableFutures.getUninterruptibly(CompletableFutures.java:149)
	at com.datastax.oss.driver.api.core.session.SessionBuilder.build(SessionBuilder.java:835)
	at org.springframework.boot.autoconfigure.cassandra.CassandraAutoConfiguration.cassandraSession(CassandraAutoConfiguration.java:109)
	at java.base/jdk.internal.reflect.DirectMethodHandleAccessor.invoke(DirectMethodHandleAccessor.java:104)
	at java.base/java.lang.reflect.Method.invoke(Method.java:578)
	at org.springframework.beans.factory.support.SimpleInstantiationStrategy.instantiate(SimpleInstantiationStrategy.java:139)
	... 81 common frames omitted
23:39:12.389 [background-preinit] INFO  - HV000001: Hibernate Validator 8.0.0.Final
23:39:12.865 [main] INFO  - Starting Application using Java 19.0.2 with PID 3861 (/Users/admin/Desktop/spring-hotel/build/classes/java/main started by admin in /Users/admin/Desktop/spring-hotel)
23:39:12.868 [main] INFO  - No active profile set, falling back to 1 default profile: "default"
23:39:16.709 [main] INFO  - Bootstrapping Spring Data Reactive Cassandra repositories in DEFAULT mode.
23:39:16.834 [main] INFO  - Finished Spring Data repository scanning in 107 ms. Found 0 Reactive Cassandra repository interfaces.
23:39:16.842 [main] INFO  - Bootstrapping Spring Data Cassandra repositories in DEFAULT mode.
23:39:16.875 [main] INFO  - Finished Spring Data repository scanning in 31 ms. Found 1 Cassandra repository interfaces.
23:39:18.317 [main] INFO  - Tomcat initialized with port(s): 8080 (http)
23:39:18.346 [main] INFO  - Initializing ProtocolHandler ["http-nio-8080"]
23:39:18.353 [main] INFO  - Starting service [Tomcat]
23:39:18.354 [main] INFO  - Starting Servlet engine: [Apache Tomcat/10.1.10]
23:39:18.660 [main] INFO  - Initializing Spring embedded WebApplicationContext
23:39:18.668 [main] INFO  - Root WebApplicationContext: initialization completed in 5603 ms
23:39:20.558 [main] INFO  - DataStax Java driver for Apache Cassandra(R) (com.datastax.oss:java-driver-core) version 4.15.0
23:39:22.428 [s0-admin-0] INFO  - Using native clock for microsecond precision
23:39:23.273 [s0-io-2] WARN  - [] /127.0.0.1:9042 did not send an authentication challenge; This is suspicious because the driver expects authentication
23:39:23.817 [s0-io-3] WARN  - [] /127.0.0.1:9042 did not send an authentication challenge; This is suspicious because the driver expects authentication
23:39:26.003 [main] WARN  - 

Using generated security password: 329530bf-b244-47ae-849d-23ee09a75889

This generated password is for development use only. Your security configuration must be updated before running your application in production.

23:39:26.653 [main] INFO  - Will secure any request with [org.springframework.security.web.session.DisableEncodeUrlFilter@38c55a8a, org.springframework.security.web.context.request.async.WebAsyncManagerIntegrationFilter@1d7f7962, org.springframework.security.web.context.SecurityContextHolderFilter@37e491e2, org.springframework.security.web.header.HeaderWriterFilter@c2e33, org.springframework.web.filter.CorsFilter@32d1d6c5, org.springframework.security.web.authentication.logout.LogoutFilter@58b3eb1, org.springframework.security.web.savedrequest.RequestCacheAwareFilter@26679788, org.springframework.security.web.servletapi.SecurityContextHolderAwareRequestFilter@41ec4271, org.springframework.security.web.authentication.AnonymousAuthenticationFilter@4a5b38e6, org.springframework.security.web.access.ExceptionTranslationFilter@7805478c, org.springframework.security.web.access.intercept.AuthorizationFilter@5e8bd498]
23:39:27.890 [main] WARN  - Endpoint ID 'swagger-ui' contains invalid characters, please migrate to a valid format.
23:39:28.447 [main] INFO  - Starting ProtocolHandler ["http-nio-8080"]
23:39:28.478 [main] INFO  - Tomcat started on port(s): 8080 (http) with context path ''
23:39:28.703 [main] INFO  - Tomcat initialized with port(s): 9090 (http)
23:39:28.705 [main] INFO  - Initializing ProtocolHandler ["http-nio-9090"]
23:39:28.706 [main] INFO  - Starting service [Tomcat]
23:39:28.707 [main] INFO  - Starting Servlet engine: [Apache Tomcat/10.1.10]
23:39:28.829 [main] INFO  - Initializing Spring embedded WebApplicationContext
23:39:28.836 [main] INFO  - Root WebApplicationContext: initialization completed in 352 ms
23:39:28.858 [main] INFO  - Exposing 3 endpoint(s) beneath base path '/actuator'
23:39:28.935 [main] INFO  - Starting ProtocolHandler ["http-nio-9090"]
23:39:28.952 [main] INFO  - Tomcat started on port(s): 9090 (http) with context path ''
23:39:29.003 [main] INFO  - Started Application in 18.87 seconds (process running for 21.277)
23:39:30.082 [RMI TCP Connection(2)-192.168.0.13] INFO  - Initializing Spring DispatcherServlet 'dispatcherServlet'
23:39:30.082 [RMI TCP Connection(2)-192.168.0.13] INFO  - Initializing Servlet 'dispatcherServlet'
23:39:30.086 [RMI TCP Connection(2)-192.168.0.13] INFO  - Completed initialization in 3 ms
